<?xml version="1.0" encoding="UTF-8"?>
<testsuite xmlns:xsi="http://www.w3.org/2001/XMLSchema-instance" xsi:noNamespaceSchemaLocation="https://maven.apache.org/surefire/maven-surefire-plugin/xsd/surefire-test-report-3.0.xsd" version="3.0" name="TestSuite" time="191.791" tests="2" errors="0" skipped="0" failures="0">
  <properties>
    <property name="sun.desktop" value="windows"/>
    <property name="awt.toolkit" value="sun.awt.windows.WToolkit"/>
    <property name="java.specification.version" value="11"/>
    <property name="sun.cpu.isalist" value="amd64"/>
    <property name="sun.jnu.encoding" value="Cp1252"/>
    <property name="java.class.path" value="C:\Users\rahma\eclipse-workspace\IACAutomation\target\test-classes;C:\Users\rahma\eclipse-workspace\IACAutomation\target\classes;C:\Users\rahma\.m2\repository\software\amazon\awssdk\aws-sdk-java\2.17.46\aws-sdk-java-2.17.46.jar;C:\Users\rahma\.m2\repository\software\amazon\awssdk\acm\2.20.74\acm-2.20.74.jar;C:\Users\rahma\.m2\repository\software\amazon\awssdk\acmpca\2.20.74\acmpca-2.20.74.jar;C:\Users\rahma\.m2\repository\software\amazon\awssdk\alexaforbusiness\2.20.74\alexaforbusiness-2.20.74.jar;C:\Users\rahma\.m2\repository\software\amazon\awssdk\amplify\2.20.74\amplify-2.20.74.jar;C:\Users\rahma\.m2\repository\software\amazon\awssdk\apigateway\2.20.74\apigateway-2.20.74.jar;C:\Users\rahma\.m2\repository\software\amazon\awssdk\apigatewaymanagementapi\2.20.74\apigatewaymanagementapi-2.20.74.jar;C:\Users\rahma\.m2\repository\software\amazon\awssdk\apigatewayv2\2.20.74\apigatewayv2-2.20.74.jar;C:\Users\rahma\.m2\repository\software\amazon\awssdk\applicationautoscaling\2.20.74\applicationautoscaling-2.20.74.jar;C:\Users\rahma\.m2\repository\software\amazon\awssdk\applicationdiscovery\2.20.74\applicationdiscovery-2.20.74.jar;C:\Users\rahma\.m2\repository\software\amazon\awssdk\appmesh\2.20.74\appmesh-2.20.74.jar;C:\Users\rahma\.m2\repository\software\amazon\awssdk\appstream\2.20.74\appstream-2.20.74.jar;C:\Users\rahma\.m2\repository\software\amazon\awssdk\appsync\2.20.74\appsync-2.20.74.jar;C:\Users\rahma\.m2\repository\software\amazon\awssdk\athena\2.20.74\athena-2.20.74.jar;C:\Users\rahma\.m2\repository\software\amazon\awssdk\autoscaling\2.20.74\autoscaling-2.20.74.jar;C:\Users\rahma\.m2\repository\software\amazon\awssdk\autoscalingplans\2.20.74\autoscalingplans-2.20.74.jar;C:\Users\rahma\.m2\repository\software\amazon\awssdk\backup\2.20.74\backup-2.20.74.jar;C:\Users\rahma\.m2\repository\software\amazon\awssdk\batch\2.20.74\batch-2.20.74.jar;C:\Users\rahma\.m2\repository\software\amazon\awssdk\budgets\2.20.74\budgets-2.20.74.jar;C:\Users\rahma\.m2\repository\software\amazon\awssdk\chime\2.20.74\chime-2.20.74.jar;C:\Users\rahma\.m2\repository\software\amazon\awssdk\cloud9\2.20.74\cloud9-2.20.74.jar;C:\Users\rahma\.m2\repository\software\amazon\awssdk\clouddirectory\2.20.74\clouddirectory-2.20.74.jar;C:\Users\rahma\.m2\repository\software\amazon\awssdk\cloudformation\2.20.74\cloudformation-2.20.74.jar;C:\Users\rahma\.m2\repository\software\amazon\awssdk\cloudfront\2.20.74\cloudfront-2.20.74.jar;C:\Users\rahma\.m2\repository\software\amazon\awssdk\cloudhsm\2.20.74\cloudhsm-2.20.74.jar;C:\Users\rahma\.m2\repository\software\amazon\awssdk\cloudhsmv2\2.20.74\cloudhsmv2-2.20.74.jar;C:\Users\rahma\.m2\repository\software\amazon\awssdk\cloudsearch\2.20.74\cloudsearch-2.20.74.jar;C:\Users\rahma\.m2\repository\software\amazon\awssdk\cloudsearchdomain\2.20.74\cloudsearchdomain-2.20.74.jar;C:\Users\rahma\.m2\repository\software\amazon\awssdk\cloudtrail\2.20.74\cloudtrail-2.20.74.jar;C:\Users\rahma\.m2\repository\software\amazon\awssdk\cloudwatch\2.20.74\cloudwatch-2.20.74.jar;C:\Users\rahma\.m2\repository\software\amazon\awssdk\cloudwatchevents\2.20.74\cloudwatchevents-2.20.74.jar;C:\Users\rahma\.m2\repository\software\amazon\awssdk\cloudwatchlogs\2.20.74\cloudwatchlogs-2.20.74.jar;C:\Users\rahma\.m2\repository\software\amazon\awssdk\codebuild\2.20.74\codebuild-2.20.74.jar;C:\Users\rahma\.m2\repository\software\amazon\awssdk\codecommit\2.20.74\codecommit-2.20.74.jar;C:\Users\rahma\.m2\repository\software\amazon\awssdk\codedeploy\2.20.74\codedeploy-2.20.74.jar;C:\Users\rahma\.m2\repository\software\amazon\awssdk\codepipeline\2.20.74\codepipeline-2.20.74.jar;C:\Users\rahma\.m2\repository\software\amazon\awssdk\codestar\2.20.74\codestar-2.20.74.jar;C:\Users\rahma\.m2\repository\software\amazon\awssdk\cognitoidentity\2.20.74\cognitoidentity-2.20.74.jar;C:\Users\rahma\.m2\repository\software\amazon\awssdk\cognitoidentityprovider\2.20.74\cognitoidentityprovider-2.20.74.jar;C:\Users\rahma\.m2\repository\software\amazon\awssdk\cognitosync\2.20.74\cognitosync-2.20.74.jar;C:\Users\rahma\.m2\repository\software\amazon\awssdk\comprehend\2.20.74\comprehend-2.20.74.jar;C:\Users\rahma\.m2\repository\software\amazon\awssdk\comprehendmedical\2.20.74\comprehendmedical-2.20.74.jar;C:\Users\rahma\.m2\repository\software\amazon\awssdk\config\2.20.74\config-2.20.74.jar;C:\Users\rahma\.m2\repository\software\amazon\awssdk\connect\2.20.74\connect-2.20.74.jar;C:\Users\rahma\.m2\repository\software\amazon\awssdk\costandusagereport\2.20.74\costandusagereport-2.20.74.jar;C:\Users\rahma\.m2\repository\software\amazon\awssdk\costexplorer\2.20.74\costexplorer-2.20.74.jar;C:\Users\rahma\.m2\repository\software\amazon\awssdk\databasemigration\2.20.74\databasemigration-2.20.74.jar;C:\Users\rahma\.m2\repository\software\amazon\awssdk\datapipeline\2.20.74\datapipeline-2.20.74.jar;C:\Users\rahma\.m2\repository\software\amazon\awssdk\datasync\2.20.74\datasync-2.20.74.jar;C:\Users\rahma\.m2\repository\software\amazon\awssdk\dax\2.20.74\dax-2.20.74.jar;C:\Users\rahma\.m2\repository\software\amazon\awssdk\devicefarm\2.20.74\devicefarm-2.20.74.jar;C:\Users\rahma\.m2\repository\software\amazon\awssdk\directconnect\2.20.74\directconnect-2.20.74.jar;C:\Users\rahma\.m2\repository\software\amazon\awssdk\directory\2.20.74\directory-2.20.74.jar;C:\Users\rahma\.m2\repository\software\amazon\awssdk\dlm\2.20.74\dlm-2.20.74.jar;C:\Users\rahma\.m2\repository\software\amazon\awssdk\docdb\2.20.74\docdb-2.20.74.jar;C:\Users\rahma\.m2\repository\software\amazon\awssdk\ecr\2.20.74\ecr-2.20.74.jar;C:\Users\rahma\.m2\repository\software\amazon\awssdk\ecs\2.20.74\ecs-2.20.74.jar;C:\Users\rahma\.m2\repository\software\amazon\awssdk\efs\2.20.74\efs-2.20.74.jar;C:\Users\rahma\.m2\repository\software\amazon\awssdk\eks\2.20.74\eks-2.20.74.jar;C:\Users\rahma\.m2\repository\software\amazon\awssdk\elasticache\2.20.74\elasticache-2.20.74.jar;C:\Users\rahma\.m2\repository\software\amazon\awssdk\elasticbeanstalk\2.20.74\elasticbeanstalk-2.20.74.jar;C:\Users\rahma\.m2\repository\software\amazon\awssdk\elasticloadbalancing\2.20.74\elasticloadbalancing-2.20.74.jar;C:\Users\rahma\.m2\repository\software\amazon\awssdk\elasticloadbalancingv2\2.20.74\elasticloadbalancingv2-2.20.74.jar;C:\Users\rahma\.m2\repository\software\amazon\awssdk\elasticsearch\2.20.74\elasticsearch-2.20.74.jar;C:\Users\rahma\.m2\repository\software\amazon\awssdk\elastictranscoder\2.20.74\elastictranscoder-2.20.74.jar;C:\Users\rahma\.m2\repository\software\amazon\awssdk\emr\2.20.74\emr-2.20.74.jar;C:\Users\rahma\.m2\repository\software\amazon\awssdk\firehose\2.20.74\firehose-2.20.74.jar;C:\Users\rahma\.m2\repository\software\amazon\awssdk\fms\2.20.74\fms-2.20.74.jar;C:\Users\rahma\.m2\repository\software\amazon\awssdk\fsx\2.20.74\fsx-2.20.74.jar;C:\Users\rahma\.m2\repository\software\amazon\awssdk\gamelift\2.20.74\gamelift-2.20.74.jar;C:\Users\rahma\.m2\repository\software\amazon\awssdk\glacier\2.20.74\glacier-2.20.74.jar;C:\Users\rahma\.m2\repository\software\amazon\awssdk\globalaccelerator\2.20.74\globalaccelerator-2.20.74.jar;C:\Users\rahma\.m2\repository\software\amazon\awssdk\glue\2.20.74\glue-2.20.74.jar;C:\Users\rahma\.m2\repository\software\amazon\awssdk\greengrass\2.20.74\greengrass-2.20.74.jar;C:\Users\rahma\.m2\repository\software\amazon\awssdk\guardduty\2.20.74\guardduty-2.20.74.jar;C:\Users\rahma\.m2\repository\software\amazon\awssdk\health\2.20.74\health-2.20.74.jar;C:\Users\rahma\.m2\repository\software\amazon\awssdk\iam\2.20.74\iam-2.20.74.jar;C:\Users\rahma\.m2\repository\software\amazon\awssdk\inspector\2.20.74\inspector-2.20.74.jar;C:\Users\rahma\.m2\repository\software\amazon\awssdk\iot\2.20.74\iot-2.20.74.jar;C:\Users\rahma\.m2\repository\software\amazon\awssdk\iot1clickdevices\2.20.74\iot1clickdevices-2.20.74.jar;C:\Users\rahma\.m2\repository\software\amazon\awssdk\iot1clickprojects\2.20.74\iot1clickprojects-2.20.74.jar;C:\Users\rahma\.m2\repository\software\amazon\awssdk\iotanalytics\2.20.74\iotanalytics-2.20.74.jar;C:\Users\rahma\.m2\repository\software\amazon\awssdk\iotdataplane\2.20.74\iotdataplane-2.20.74.jar;C:\Users\rahma\.m2\repository\software\amazon\awssdk\iotjobsdataplane\2.20.74\iotjobsdataplane-2.20.74.jar;C:\Users\rahma\.m2\repository\software\amazon\awssdk\kafka\2.20.74\kafka-2.20.74.jar;C:\Users\rahma\.m2\repository\software\amazon\awssdk\kinesis\2.20.74\kinesis-2.20.74.jar;C:\Users\rahma\.m2\repository\software\amazon\awssdk\aws-cbor-protocol\2.20.74\aws-cbor-protocol-2.20.74.jar;C:\Users\rahma\.m2\repository\software\amazon\awssdk\third-party-jackson-dataformat-cbor\2.20.74\third-party-jackson-dataformat-cbor-2.20.74.jar;C:\Users\rahma\.m2\repository\software\amazon\awssdk\kinesisanalytics\2.20.74\kinesisanalytics-2.20.74.jar;C:\Users\rahma\.m2\repository\software\amazon\awssdk\kinesisanalyticsv2\2.20.74\kinesisanalyticsv2-2.20.74.jar;C:\Users\rahma\.m2\repository\software\amazon\awssdk\kinesisvideo\2.20.74\kinesisvideo-2.20.74.jar;C:\Users\rahma\.m2\repository\software\amazon\awssdk\kinesisvideoarchivedmedia\2.20.74\kinesisvideoarchivedmedia-2.20.74.jar;C:\Users\rahma\.m2\repository\software\amazon\awssdk\kinesisvideomedia\2.20.74\kinesisvideomedia-2.20.74.jar;C:\Users\rahma\.m2\repository\software\amazon\awssdk\kms\2.20.74\kms-2.20.74.jar;C:\Users\rahma\.m2\repository\software\amazon\awssdk\lambda\2.20.74\lambda-2.20.74.jar;C:\Users\rahma\.m2\repository\software\amazon\awssdk\lexmodelbuilding\2.20.74\lexmodelbuilding-2.20.74.jar;C:\Users\rahma\.m2\repository\software\amazon\awssdk\lexruntime\2.20.74\lexruntime-2.20.74.jar;C:\Users\rahma\.m2\repository\software\amazon\awssdk\licensemanager\2.20.74\licensemanager-2.20.74.jar;C:\Users\rahma\.m2\repository\software\amazon\awssdk\lightsail\2.20.74\lightsail-2.20.74.jar;C:\Users\rahma\.m2\repository\software\amazon\awssdk\machinelearning\2.20.74\machinelearning-2.20.74.jar;C:\Users\rahma\.m2\repository\software\amazon\awssdk\macie\2.20.74\macie-2.20.74.jar;C:\Users\rahma\.m2\repository\software\amazon\awssdk\managedblockchain\2.20.74\managedblockchain-2.20.74.jar;C:\Users\rahma\.m2\repository\software\amazon\awssdk\marketplacecommerceanalytics\2.20.74\marketplacecommerceanalytics-2.20.74.jar;C:\Users\rahma\.m2\repository\software\amazon\awssdk\marketplaceentitlement\2.20.74\marketplaceentitlement-2.20.74.jar;C:\Users\rahma\.m2\repository\software\amazon\awssdk\marketplacemetering\2.20.74\marketplacemetering-2.20.74.jar;C:\Users\rahma\.m2\repository\software\amazon\awssdk\mediaconnect\2.20.74\mediaconnect-2.20.74.jar;C:\Users\rahma\.m2\repository\software\amazon\awssdk\mediaconvert\2.20.74\mediaconvert-2.20.74.jar;C:\Users\rahma\.m2\repository\software\amazon\awssdk\medialive\2.20.74\medialive-2.20.74.jar;C:\Users\rahma\.m2\repository\software\amazon\awssdk\mediapackage\2.20.74\mediapackage-2.20.74.jar;C:\Users\rahma\.m2\repository\software\amazon\awssdk\mediapackagevod\2.20.74\mediapackagevod-2.20.74.jar;C:\Users\rahma\.m2\repository\software\amazon\awssdk\mediastore\2.20.74\mediastore-2.20.74.jar;C:\Users\rahma\.m2\repository\software\amazon\awssdk\mediastoredata\2.20.74\mediastoredata-2.20.74.jar;C:\Users\rahma\.m2\repository\software\amazon\awssdk\mediatailor\2.20.74\mediatailor-2.20.74.jar;C:\Users\rahma\.m2\repository\software\amazon\awssdk\migrationhub\2.20.74\migrationhub-2.20.74.jar;C:\Users\rahma\.m2\repository\software\amazon\awssdk\mobile\2.20.74\mobile-2.20.74.jar;C:\Users\rahma\.m2\repository\software\amazon\awssdk\mq\2.20.74\mq-2.20.74.jar;C:\Users\rahma\.m2\repository\software\amazon\awssdk\mturk\2.20.74\mturk-2.20.74.jar;C:\Users\rahma\.m2\repository\software\amazon\awssdk\neptune\2.20.74\neptune-2.20.74.jar;C:\Users\rahma\.m2\repository\software\amazon\awssdk\opsworks\2.20.74\opsworks-2.20.74.jar;C:\Users\rahma\.m2\repository\software\amazon\awssdk\opsworkscm\2.20.74\opsworkscm-2.20.74.jar;C:\Users\rahma\.m2\repository\software\amazon\awssdk\organizations\2.20.74\organizations-2.20.74.jar;C:\Users\rahma\.m2\repository\software\amazon\awssdk\pi\2.20.74\pi-2.20.74.jar;C:\Users\rahma\.m2\repository\software\amazon\awssdk\pinpoint\2.20.74\pinpoint-2.20.74.jar;C:\Users\rahma\.m2\repository\software\amazon\awssdk\pinpointemail\2.20.74\pinpointemail-2.20.74.jar;C:\Users\rahma\.m2\repository\software\amazon\awssdk\pinpointsmsvoice\2.20.74\pinpointsmsvoice-2.20.74.jar;C:\Users\rahma\.m2\repository\software\amazon\awssdk\polly\2.20.74\polly-2.20.74.jar;C:\Users\rahma\.m2\repository\software\amazon\awssdk\pricing\2.20.74\pricing-2.20.74.jar;C:\Users\rahma\.m2\repository\software\amazon\awssdk\quicksight\2.20.74\quicksight-2.20.74.jar;C:\Users\rahma\.m2\repository\software\amazon\awssdk\ram\2.20.74\ram-2.20.74.jar;C:\Users\rahma\.m2\repository\software\amazon\awssdk\rds\2.20.74\rds-2.20.74.jar;C:\Users\rahma\.m2\repository\software\amazon\awssdk\rdsdata\2.20.74\rdsdata-2.20.74.jar;C:\Users\rahma\.m2\repository\software\amazon\awssdk\redshift\2.20.74\redshift-2.20.74.jar;C:\Users\rahma\.m2\repository\software\amazon\awssdk\rekognition\2.20.74\rekognition-2.20.74.jar;C:\Users\rahma\.m2\repository\software\amazon\awssdk\resourcegroups\2.20.74\resourcegroups-2.20.74.jar;C:\Users\rahma\.m2\repository\software\amazon\awssdk\resourcegroupstaggingapi\2.20.74\resourcegroupstaggingapi-2.20.74.jar;C:\Users\rahma\.m2\repository\software\amazon\awssdk\robomaker\2.20.74\robomaker-2.20.74.jar;C:\Users\rahma\.m2\repository\software\amazon\awssdk\route53\2.20.74\route53-2.20.74.jar;C:\Users\rahma\.m2\repository\software\amazon\awssdk\route53domains\2.20.74\route53domains-2.20.74.jar;C:\Users\rahma\.m2\repository\software\amazon\awssdk\route53resolver\2.20.74\route53resolver-2.20.74.jar;C:\Users\rahma\.m2\repository\software\amazon\awssdk\s3control\2.20.74\s3control-2.20.74.jar;C:\Users\rahma\.m2\repository\software\amazon\awssdk\sagemaker\2.20.74\sagemaker-2.20.74.jar;C:\Users\rahma\.m2\repository\software\amazon\awssdk\sagemakerruntime\2.20.74\sagemakerruntime-2.20.74.jar;C:\Users\rahma\.m2\repository\software\amazon\awssdk\secretsmanager\2.20.74\secretsmanager-2.20.74.jar;C:\Users\rahma\.m2\repository\software\amazon\awssdk\securityhub\2.20.74\securityhub-2.20.74.jar;C:\Users\rahma\.m2\repository\software\amazon\awssdk\serverlessapplicationrepository\2.20.74\serverlessapplicationrepository-2.20.74.jar;C:\Users\rahma\.m2\repository\software\amazon\awssdk\servicecatalog\2.20.74\servicecatalog-2.20.74.jar;C:\Users\rahma\.m2\repository\software\amazon\awssdk\servicediscovery\2.20.74\servicediscovery-2.20.74.jar;C:\Users\rahma\.m2\repository\software\amazon\awssdk\ses\2.20.74\ses-2.20.74.jar;C:\Users\rahma\.m2\repository\software\amazon\awssdk\sfn\2.20.74\sfn-2.20.74.jar;C:\Users\rahma\.m2\repository\software\amazon\awssdk\shield\2.20.74\shield-2.20.74.jar;C:\Users\rahma\.m2\repository\software\amazon\awssdk\signer\2.20.74\signer-2.20.74.jar;C:\Users\rahma\.m2\repository\software\amazon\awssdk\sms\2.20.74\sms-2.20.74.jar;C:\Users\rahma\.m2\repository\software\amazon\awssdk\snowball\2.20.74\snowball-2.20.74.jar;C:\Users\rahma\.m2\repository\software\amazon\awssdk\sns\2.20.74\sns-2.20.74.jar;C:\Users\rahma\.m2\repository\software\amazon\awssdk\sqs\2.20.74\sqs-2.20.74.jar;C:\Users\rahma\.m2\repository\software\amazon\awssdk\storagegateway\2.20.74\storagegateway-2.20.74.jar;C:\Users\rahma\.m2\repository\software\amazon\awssdk\sts\2.20.74\sts-2.20.74.jar;C:\Users\rahma\.m2\repository\software\amazon\awssdk\support\2.20.74\support-2.20.74.jar;C:\Users\rahma\.m2\repository\software\amazon\awssdk\swf\2.20.74\swf-2.20.74.jar;C:\Users\rahma\.m2\repository\software\amazon\awssdk\textract\2.20.74\textract-2.20.74.jar;C:\Users\rahma\.m2\repository\software\amazon\awssdk\transcribe\2.20.74\transcribe-2.20.74.jar;C:\Users\rahma\.m2\repository\software\amazon\awssdk\transcribestreaming\2.20.74\transcribestreaming-2.20.74.jar;C:\Users\rahma\.m2\repository\software\amazon\awssdk\transfer\2.20.74\transfer-2.20.74.jar;C:\Users\rahma\.m2\repository\software\amazon\awssdk\translate\2.20.74\translate-2.20.74.jar;C:\Users\rahma\.m2\repository\software\amazon\awssdk\waf\2.20.74\waf-2.20.74.jar;C:\Users\rahma\.m2\repository\software\amazon\awssdk\workdocs\2.20.74\workdocs-2.20.74.jar;C:\Users\rahma\.m2\repository\software\amazon\awssdk\worklink\2.20.74\worklink-2.20.74.jar;C:\Users\rahma\.m2\repository\software\amazon\awssdk\workmail\2.20.74\workmail-2.20.74.jar;C:\Users\rahma\.m2\repository\software\amazon\awssdk\workspaces\2.20.74\workspaces-2.20.74.jar;C:\Users\rahma\.m2\repository\software\amazon\awssdk\xray\2.20.74\xray-2.20.74.jar;C:\Users\rahma\.m2\repository\software\amazon\awssdk\groundstation\2.20.74\groundstation-2.20.74.jar;C:\Users\rahma\.m2\repository\software\amazon\awssdk\iotthingsgraph\2.20.74\iotthingsgraph-2.20.74.jar;C:\Users\rahma\.m2\repository\software\amazon\awssdk\iotevents\2.20.74\iotevents-2.20.74.jar;C:\Users\rahma\.m2\repository\software\amazon\awssdk\ioteventsdata\2.20.74\ioteventsdata-2.20.74.jar;C:\Users\rahma\.m2\repository\software\amazon\awssdk\personalizeruntime\2.20.74\personalizeruntime-2.20.74.jar;C:\Users\rahma\.m2\repository\software\amazon\awssdk\personalize\2.20.74\personalize-2.20.74.jar;C:\Users\rahma\.m2\repository\software\amazon\awssdk\personalizeevents\2.20.74\personalizeevents-2.20.74.jar;C:\Users\rahma\.m2\repository\software\amazon\awssdk\servicequotas\2.20.74\servicequotas-2.20.74.jar;C:\Users\rahma\.m2\repository\software\amazon\awssdk\applicationinsights\2.20.74\applicationinsights-2.20.74.jar;C:\Users\rahma\.m2\repository\software\amazon\awssdk\ec2instanceconnect\2.20.74\ec2instanceconnect-2.20.74.jar;C:\Users\rahma\.m2\repository\software\amazon\awssdk\eventbridge\2.20.74\eventbridge-2.20.74.jar;C:\Users\rahma\.m2\repository\software\amazon\awssdk\lakeformation\2.20.74\lakeformation-2.20.74.jar;C:\Users\rahma\.m2\repository\software\amazon\awssdk\forecast\2.20.74\forecast-2.20.74.jar;C:\Users\rahma\.m2\repository\software\amazon\awssdk\forecastquery\2.20.74\forecastquery-2.20.74.jar;C:\Users\rahma\.m2\repository\software\amazon\awssdk\qldb\2.20.74\qldb-2.20.74.jar;C:\Users\rahma\.m2\repository\software\amazon\awssdk\qldbsession\2.20.74\qldbsession-2.20.74.jar;C:\Users\rahma\.m2\repository\software\amazon\awssdk\workmailmessageflow\2.20.74\workmailmessageflow-2.20.74.jar;C:\Users\rahma\.m2\repository\software\amazon\awssdk\codestarnotifications\2.20.74\codestarnotifications-2.20.74.jar;C:\Users\rahma\.m2\repository\software\amazon\awssdk\savingsplans\2.20.74\savingsplans-2.20.74.jar;C:\Users\rahma\.m2\repository\software\amazon\awssdk\sso\2.20.74\sso-2.20.74.jar;C:\Users\rahma\.m2\repository\software\amazon\awssdk\ssooidc\2.20.74\ssooidc-2.20.74.jar;C:\Users\rahma\.m2\repository\software\amazon\awssdk\third-party-jackson-core\2.20.74\third-party-jackson-core-2.20.74.jar;C:\Users\rahma\.m2\repository\software\amazon\awssdk\marketplacecatalog\2.20.74\marketplacecatalog-2.20.74.jar;C:\Users\rahma\.m2\repository\software\amazon\awssdk\sesv2\2.20.74\sesv2-2.20.74.jar;C:\Users\rahma\.m2\repository\software\amazon\awssdk\dataexchange\2.20.74\dataexchange-2.20.74.jar;C:\Users\rahma\.m2\repository\software\amazon\awssdk\migrationhubconfig\2.20.74\migrationhubconfig-2.20.74.jar;C:\Users\rahma\.m2\repository\software\amazon\awssdk\connectparticipant\2.20.74\connectparticipant-2.20.74.jar;C:\Users\rahma\.m2\repository\software\amazon\awssdk\wafv2\2.20.74\wafv2-2.20.74.jar;C:\Users\rahma\.m2\repository\software\amazon\awssdk\appconfig\2.20.74\appconfig-2.20.74.jar;C:\Users\rahma\.m2\repository\software\amazon\awssdk\iotsecuretunneling\2.20.74\iotsecuretunneling-2.20.74.jar;C:\Users\rahma\.m2\repository\software\amazon\awssdk\elasticinference\2.20.74\elasticinference-2.20.74.jar;C:\Users\rahma\.m2\repository\software\amazon\awssdk\imagebuilder\2.20.74\imagebuilder-2.20.74.jar;C:\Users\rahma\.m2\repository\software\amazon\awssdk\schemas\2.20.74\schemas-2.20.74.jar;C:\Users\rahma\.m2\repository\software\amazon\awssdk\accessanalyzer\2.20.74\accessanalyzer-2.20.74.jar;C:\Users\rahma\.m2\repository\software\amazon\awssdk\computeoptimizer\2.20.74\computeoptimizer-2.20.74.jar;C:\Users\rahma\.m2\repository\software\amazon\awssdk\networkmanager\2.20.74\networkmanager-2.20.74.jar;C:\Users\rahma\.m2\repository\software\amazon\awssdk\kendra\2.20.74\kendra-2.20.74.jar;C:\Users\rahma\.m2\repository\software\amazon\awssdk\frauddetector\2.20.74\frauddetector-2.20.74.jar;C:\Users\rahma\.m2\repository\software\amazon\awssdk\codegurureviewer\2.20.74\codegurureviewer-2.20.74.jar;C:\Users\rahma\.m2\repository\software\amazon\awssdk\codeguruprofiler\2.20.74\codeguruprofiler-2.20.74.jar;C:\Users\rahma\.m2\repository\software\amazon\awssdk\outposts\2.20.74\outposts-2.20.74.jar;C:\Users\rahma\.m2\repository\software\amazon\awssdk\sagemakera2iruntime\2.20.74\sagemakera2iruntime-2.20.74.jar;C:\Users\rahma\.m2\repository\software\amazon\awssdk\ebs\2.20.74\ebs-2.20.74.jar;C:\Users\rahma\.m2\repository\software\amazon\awssdk\kinesisvideosignaling\2.20.74\kinesisvideosignaling-2.20.74.jar;C:\Users\rahma\.m2\repository\software\amazon\awssdk\detective\2.20.74\detective-2.20.74.jar;C:\Users\rahma\.m2\repository\software\amazon\awssdk\codestarconnections\2.20.74\codestarconnections-2.20.74.jar;C:\Users\rahma\.m2\repository\software\amazon\awssdk\synthetics\2.20.74\synthetics-2.20.74.jar;C:\Users\rahma\.m2\repository\software\amazon\awssdk\iotsitewise\2.20.74\iotsitewise-2.20.74.jar;C:\Users\rahma\.m2\repository\software\amazon\awssdk\macie2\2.20.74\macie2-2.20.74.jar;C:\Users\rahma\.m2\repository\software\amazon\awssdk\codeartifact\2.20.74\codeartifact-2.20.74.jar;C:\Users\rahma\.m2\repository\software\amazon\awssdk\honeycode\2.20.74\honeycode-2.20.74.jar;C:\Users\rahma\.m2\repository\software\amazon\awssdk\ivs\2.20.74\ivs-2.20.74.jar;C:\Users\rahma\.m2\repository\software\amazon\awssdk\braket\2.20.74\braket-2.20.74.jar;C:\Users\rahma\.m2\repository\software\amazon\awssdk\identitystore\2.20.74\identitystore-2.20.74.jar;C:\Users\rahma\.m2\repository\software\amazon\awssdk\appflow\2.20.74\appflow-2.20.74.jar;C:\Users\rahma\.m2\repository\software\amazon\awssdk\redshiftdata\2.20.74\redshiftdata-2.20.74.jar;C:\Users\rahma\.m2\repository\software\amazon\awssdk\ssoadmin\2.20.74\ssoadmin-2.20.74.jar;C:\Users\rahma\.m2\repository\software\amazon\awssdk\timestreamwrite\2.20.74\timestreamwrite-2.20.74.jar;C:\Users\rahma\.m2\repository\software\amazon\awssdk\timestreamquery\2.20.74\timestreamquery-2.20.74.jar;C:\Users\rahma\.m2\repository\software\amazon\awssdk\s3outposts\2.20.74\s3outposts-2.20.74.jar;C:\Users\rahma\.m2\repository\software\amazon\awssdk\databrew\2.20.74\databrew-2.20.74.jar;C:\Users\rahma\.m2\repository\software\amazon\awssdk\servicecatalogappregistry\2.20.74\servicecatalogappregistry-2.20.74.jar;C:\Users\rahma\.m2\repository\software\amazon\awssdk\networkfirewall\2.20.74\networkfirewall-2.20.74.jar;C:\Users\rahma\.m2\repository\software\amazon\awssdk\mwaa\2.20.74\mwaa-2.20.74.jar;C:\Users\rahma\.m2\repository\software\amazon\awssdk\devopsguru\2.20.74\devopsguru-2.20.74.jar;C:\Users\rahma\.m2\repository\software\amazon\awssdk\sagemakerfeaturestoreruntime\2.20.74\sagemakerfeaturestoreruntime-2.20.74.jar;C:\Users\rahma\.m2\repository\software\amazon\awssdk\appintegrations\2.20.74\appintegrations-2.20.74.jar;C:\Users\rahma\.m2\repository\software\amazon\awssdk\ecrpublic\2.20.74\ecrpublic-2.20.74.jar;C:\Users\rahma\.m2\repository\software\amazon\awssdk\amplifybackend\2.20.74\amplifybackend-2.20.74.jar;C:\Users\rahma\.m2\repository\software\amazon\awssdk\connectcontactlens\2.20.74\connectcontactlens-2.20.74.jar;C:\Users\rahma\.m2\repository\software\amazon\awssdk\lookoutvision\2.20.74\lookoutvision-2.20.74.jar;C:\Users\rahma\.m2\repository\software\amazon\awssdk\customerprofiles\2.20.74\customerprofiles-2.20.74.jar;C:\Users\rahma\.m2\repository\software\amazon\awssdk\emrcontainers\2.20.74\emrcontainers-2.20.74.jar;C:\Users\rahma\.m2\repository\software\amazon\awssdk\sagemakeredge\2.20.74\sagemakeredge-2.20.74.jar;C:\Users\rahma\.m2\repository\software\amazon\awssdk\healthlake\2.20.74\healthlake-2.20.74.jar;C:\Users\rahma\.m2\repository\software\amazon\awssdk\auditmanager\2.20.74\auditmanager-2.20.74.jar;C:\Users\rahma\.m2\repository\software\amazon\awssdk\amp\2.20.74\amp-2.20.74.jar;C:\Users\rahma\.m2\repository\software\amazon\awssdk\greengrassv2\2.20.74\greengrassv2-2.20.74.jar;C:\Users\rahma\.m2\repository\software\amazon\awssdk\iotwireless\2.20.74\iotwireless-2.20.74.jar;C:\Users\rahma\.m2\repository\software\amazon\awssdk\iotfleethub\2.20.74\iotfleethub-2.20.74.jar;C:\Users\rahma\.m2\repository\software\amazon\awssdk\iotdeviceadvisor\2.20.74\iotdeviceadvisor-2.20.74.jar;C:\Users\rahma\.m2\repository\software\amazon\awssdk\location\2.20.74\location-2.20.74.jar;C:\Users\rahma\.m2\repository\software\amazon\awssdk\wellarchitected\2.20.74\wellarchitected-2.20.74.jar;C:\Users\rahma\.m2\repository\software\amazon\awssdk\lexruntimev2\2.20.74\lexruntimev2-2.20.74.jar;C:\Users\rahma\.m2\repository\software\amazon\awssdk\lexmodelsv2\2.20.74\lexmodelsv2-2.20.74.jar;C:\Users\rahma\.m2\repository\software\amazon\awssdk\fis\2.20.74\fis-2.20.74.jar;C:\Users\rahma\.m2\repository\software\amazon\awssdk\lookoutmetrics\2.20.74\lookoutmetrics-2.20.74.jar;C:\Users\rahma\.m2\repository\software\amazon\awssdk\mgn\2.20.74\mgn-2.20.74.jar;C:\Users\rahma\.m2\repository\software\amazon\awssdk\lookoutequipment\2.20.74\lookoutequipment-2.20.74.jar;C:\Users\rahma\.m2\repository\software\amazon\awssdk\nimble\2.20.74\nimble-2.20.74.jar;C:\Users\rahma\.m2\repository\software\amazon\awssdk\finspacedata\2.20.74\finspacedata-2.20.74.jar;C:\Users\rahma\.m2\repository\software\amazon\awssdk\finspace\2.20.74\finspace-2.20.74.jar;C:\Users\rahma\.m2\repository\software\amazon\awssdk\ssmincidents\2.20.74\ssmincidents-2.20.74.jar;C:\Users\rahma\.m2\repository\software\amazon\awssdk\ssmcontacts\2.20.74\ssmcontacts-2.20.74.jar;C:\Users\rahma\.m2\repository\software\amazon\awssdk\applicationcostprofiler\2.20.74\applicationcostprofiler-2.20.74.jar;C:\Users\rahma\.m2\repository\software\amazon\awssdk\apprunner\2.20.74\apprunner-2.20.74.jar;C:\Users\rahma\.m2\repository\software\amazon\awssdk\proton\2.20.74\proton-2.20.74.jar;C:\Users\rahma\.m2\repository\software\amazon\awssdk\route53recoveryreadiness\2.20.74\route53recoveryreadiness-2.20.74.jar;C:\Users\rahma\.m2\repository\software\amazon\awssdk\route53recoverycontrolconfig\2.20.74\route53recoverycontrolconfig-2.20.74.jar;C:\Users\rahma\.m2\repository\software\amazon\awssdk\route53recoverycluster\2.20.74\route53recoverycluster-2.20.74.jar;C:\Users\rahma\.m2\repository\software\amazon\awssdk\chimesdkmessaging\2.20.74\chimesdkmessaging-2.20.74.jar;C:\Users\rahma\.m2\repository\software\amazon\awssdk\chimesdkidentity\2.20.74\chimesdkidentity-2.20.74.jar;C:\Users\rahma\.m2\repository\software\amazon\awssdk\snowdevicemanagement\2.20.74\snowdevicemanagement-2.20.74.jar;C:\Users\rahma\.m2\repository\software\amazon\awssdk\memorydb\2.20.74\memorydb-2.20.74.jar;C:\Users\rahma\.m2\repository\software\amazon\awssdk\opensearch\2.20.74\opensearch-2.20.74.jar;C:\Users\rahma\.m2\repository\software\amazon\awssdk\kafkaconnect\2.20.74\kafkaconnect-2.20.74.jar;C:\Users\rahma\.m2\repository\software\amazon\awssdk\ssm\2.17.4\ssm-2.17.4.jar;C:\Users\rahma\.m2\repository\software\amazon\awssdk\aws-json-protocol\2.20.74\aws-json-protocol-2.20.74.jar;C:\Users\rahma\.m2\repository\software\amazon\awssdk\protocol-core\2.20.74\protocol-core-2.20.74.jar;C:\Users\rahma\.m2\repository\software\amazon\awssdk\sdk-core\2.20.74\sdk-core-2.20.74.jar;C:\Users\rahma\.m2\repository\org\slf4j\slf4j-api\1.7.30\slf4j-api-1.7.30.jar;C:\Users\rahma\.m2\repository\org\reactivestreams\reactive-streams\1.0.3\reactive-streams-1.0.3.jar;C:\Users\rahma\.m2\repository\software\amazon\awssdk\auth\2.20.74\auth-2.20.74.jar;C:\Users\rahma\.m2\repository\software\amazon\eventstream\eventstream\1.0.1\eventstream-1.0.1.jar;C:\Users\rahma\.m2\repository\software\amazon\awssdk\http-client-spi\2.20.74\http-client-spi-2.20.74.jar;C:\Users\rahma\.m2\repository\software\amazon\awssdk\regions\2.20.74\regions-2.20.74.jar;C:\Users\rahma\.m2\repository\software\amazon\awssdk\annotations\2.20.74\annotations-2.20.74.jar;C:\Users\rahma\.m2\repository\software\amazon\awssdk\utils\2.20.74\utils-2.20.74.jar;C:\Users\rahma\.m2\repository\software\amazon\awssdk\aws-core\2.20.74\aws-core-2.20.74.jar;C:\Users\rahma\.m2\repository\software\amazon\awssdk\metrics-spi\2.20.74\metrics-spi-2.20.74.jar;C:\Users\rahma\.m2\repository\software\amazon\awssdk\apache-client\2.20.74\apache-client-2.20.74.jar;C:\Users\rahma\.m2\repository\org\apache\httpcomponents\httpclient\4.5.13\httpclient-4.5.13.jar;C:\Users\rahma\.m2\repository\org\apache\httpcomponents\httpcore\4.4.13\httpcore-4.4.13.jar;C:\Users\rahma\.m2\repository\software\amazon\awssdk\netty-nio-client\2.20.74\netty-nio-client-2.20.74.jar;C:\Users\rahma\.m2\repository\io\netty\netty-codec-http\4.1.86.Final\netty-codec-http-4.1.86.Final.jar;C:\Users\rahma\.m2\repository\io\netty\netty-codec-http2\4.1.86.Final\netty-codec-http2-4.1.86.Final.jar;C:\Users\rahma\.m2\repository\io\netty\netty-codec\4.1.86.Final\netty-codec-4.1.86.Final.jar;C:\Users\rahma\.m2\repository\io\netty\netty-transport\4.1.86.Final\netty-transport-4.1.86.Final.jar;C:\Users\rahma\.m2\repository\io\netty\netty-resolver\4.1.86.Final\netty-resolver-4.1.86.Final.jar;C:\Users\rahma\.m2\repository\io\netty\netty-common\4.1.86.Final\netty-common-4.1.86.Final.jar;C:\Users\rahma\.m2\repository\io\netty\netty-buffer\4.1.86.Final\netty-buffer-4.1.86.Final.jar;C:\Users\rahma\.m2\repository\io\netty\netty-handler\4.1.86.Final\netty-handler-4.1.86.Final.jar;C:\Users\rahma\.m2\repository\io\netty\netty-transport-native-unix-common\4.1.86.Final\netty-transport-native-unix-common-4.1.86.Final.jar;C:\Users\rahma\.m2\repository\io\netty\netty-transport-classes-epoll\4.1.86.Final\netty-transport-classes-epoll-4.1.86.Final.jar;C:\Users\rahma\.m2\repository\junit\junit\4.12\junit-4.12.jar;C:\Users\rahma\.m2\repository\org\hamcrest\hamcrest-core\1.3\hamcrest-core-1.3.jar;C:\Users\rahma\.m2\repository\software\amazon\awssdk\ec2\2.20.74\ec2-2.20.74.jar;C:\Users\rahma\.m2\repository\software\amazon\awssdk\aws-query-protocol\2.20.74\aws-query-protocol-2.20.74.jar;C:\Users\rahma\.m2\repository\software\amazon\awssdk\json-utils\2.20.74\json-utils-2.20.74.jar;C:\Users\rahma\.m2\repository\software\amazon\awssdk\endpoints-spi\2.20.74\endpoints-spi-2.20.74.jar;C:\Users\rahma\.m2\repository\software\amazon\awssdk\s3\2.20.74\s3-2.20.74.jar;C:\Users\rahma\.m2\repository\software\amazon\awssdk\aws-xml-protocol\2.20.74\aws-xml-protocol-2.20.74.jar;C:\Users\rahma\.m2\repository\software\amazon\awssdk\arns\2.20.74\arns-2.20.74.jar;C:\Users\rahma\.m2\repository\software\amazon\awssdk\profiles\2.20.74\profiles-2.20.74.jar;C:\Users\rahma\.m2\repository\software\amazon\awssdk\crt-core\2.20.74\crt-core-2.20.74.jar;C:\Users\rahma\.m2\repository\software\amazon\awssdk\dynamodb\2.20.74\dynamodb-2.20.74.jar;C:\Users\rahma\.m2\repository\org\seleniumhq\selenium\selenium-java\3.141.59\selenium-java-3.141.59.jar;C:\Users\rahma\.m2\repository\org\seleniumhq\selenium\selenium-api\3.141.59\selenium-api-3.141.59.jar;C:\Users\rahma\.m2\repository\org\seleniumhq\selenium\selenium-chrome-driver\3.141.59\selenium-chrome-driver-3.141.59.jar;C:\Users\rahma\.m2\repository\org\seleniumhq\selenium\selenium-edge-driver\3.141.59\selenium-edge-driver-3.141.59.jar;C:\Users\rahma\.m2\repository\org\seleniumhq\selenium\selenium-firefox-driver\3.141.59\selenium-firefox-driver-3.141.59.jar;C:\Users\rahma\.m2\repository\org\seleniumhq\selenium\selenium-ie-driver\3.141.59\selenium-ie-driver-3.141.59.jar;C:\Users\rahma\.m2\repository\org\seleniumhq\selenium\selenium-opera-driver\3.141.59\selenium-opera-driver-3.141.59.jar;C:\Users\rahma\.m2\repository\org\seleniumhq\selenium\selenium-remote-driver\3.141.59\selenium-remote-driver-3.141.59.jar;C:\Users\rahma\.m2\repository\org\seleniumhq\selenium\selenium-safari-driver\3.141.59\selenium-safari-driver-3.141.59.jar;C:\Users\rahma\.m2\repository\org\seleniumhq\selenium\selenium-support\3.141.59\selenium-support-3.141.59.jar;C:\Users\rahma\.m2\repository\net\bytebuddy\byte-buddy\1.8.15\byte-buddy-1.8.15.jar;C:\Users\rahma\.m2\repository\org\apache\commons\commons-exec\1.3\commons-exec-1.3.jar;C:\Users\rahma\.m2\repository\com\google\guava\guava\25.0-jre\guava-25.0-jre.jar;C:\Users\rahma\.m2\repository\com\google\code\findbugs\jsr305\1.3.9\jsr305-1.3.9.jar;C:\Users\rahma\.m2\repository\org\checkerframework\checker-compat-qual\2.0.0\checker-compat-qual-2.0.0.jar;C:\Users\rahma\.m2\repository\com\google\errorprone\error_prone_annotations\2.1.3\error_prone_annotations-2.1.3.jar;C:\Users\rahma\.m2\repository\com\google\j2objc\j2objc-annotations\1.1\j2objc-annotations-1.1.jar;C:\Users\rahma\.m2\repository\org\codehaus\mojo\animal-sniffer-annotations\1.14\animal-sniffer-annotations-1.14.jar;C:\Users\rahma\.m2\repository\com\squareup\okhttp3\okhttp\3.11.0\okhttp-3.11.0.jar;C:\Users\rahma\.m2\repository\com\squareup\okio\okio\1.14.0\okio-1.14.0.jar;C:\Users\rahma\.m2\repository\org\testng\testng\7.4.0\testng-7.4.0.jar;C:\Users\rahma\.m2\repository\com\beust\jcommander\1.78\jcommander-1.78.jar;C:\Users\rahma\.m2\repository\org\webjars\jquery\3.5.1\jquery-3.5.1.jar;C:\Users\rahma\.m2\repository\commons-io\commons-io\2.6\commons-io-2.6.jar;C:\Users\rahma\.m2\repository\javax\mail\javax.mail-api\1.6.1\javax.mail-api-1.6.1.jar;C:\Users\rahma\.m2\repository\javax\activation\activation\1.1\activation-1.1.jar;C:\Users\rahma\.m2\repository\com\sun\mail\javax.mail\1.6.0\javax.mail-1.6.0.jar;C:\Users\rahma\.m2\repository\net\sourceforge\jexcelapi\jxl\2.6.12\jxl-2.6.12.jar;C:\Users\rahma\.m2\repository\com\microsoft\sqlserver\mssql-jdbc\6.4.0.jre9\mssql-jdbc-6.4.0.jre9.jar;C:\Users\rahma\.m2\repository\org\aeonbits\owner\owner\1.0.8\owner-1.0.8.jar;C:\Users\rahma\.m2\repository\com\jcraft\jsch\0.1.55\jsch-0.1.55.jar;C:\Users\rahma\.m2\repository\org\apache\poi\poi\3.17\poi-3.17.jar;C:\Users\rahma\.m2\repository\commons-codec\commons-codec\1.10\commons-codec-1.10.jar;C:\Users\rahma\.m2\repository\org\apache\commons\commons-collections4\4.1\commons-collections4-4.1.jar;C:\Users\rahma\.m2\repository\org\apache\poi\poi-ooxml\3.17\poi-ooxml-3.17.jar;C:\Users\rahma\.m2\repository\org\apache\poi\poi-ooxml-schemas\3.17\poi-ooxml-schemas-3.17.jar;C:\Users\rahma\.m2\repository\org\apache\xmlbeans\xmlbeans\2.6.0\xmlbeans-2.6.0.jar;C:\Users\rahma\.m2\repository\stax\stax-api\1.0.1\stax-api-1.0.1.jar;C:\Users\rahma\.m2\repository\com\github\virtuald\curvesapi\1.04\curvesapi-1.04.jar;C:\Users\rahma\.m2\repository\com\github\2gis\winium\winium-elements-desktop\0.2.0-1\winium-elements-desktop-0.2.0-1.jar;C:\Users\rahma\.m2\repository\com\github\2gis\winium\winium-webdriver\0.1.0-1\winium-webdriver-0.1.0-1.jar;C:\Users\rahma\.m2\repository\log4j\log4j\1.2.17\log4j-1.2.17.jar;C:\Users\rahma\.m2\repository\net\sourceforge\expectj\expectj\2.0.7\expectj-2.0.7.jar;C:\Users\rahma\.m2\repository\commons-logging\commons-logging\1.1.1\commons-logging-1.1.1.jar;"/>
    <property name="java.vm.vendor" value="Oracle Corporation"/>
    <property name="sun.arch.data.model" value="64"/>
    <property name="user.variant" value=""/>
    <property name="java.vendor.url" value="https://openjdk.java.net/"/>
    <property name="user.timezone" value="America/New_York"/>
    <property name="java.vm.specification.version" value="11"/>
    <property name="os.name" value="Windows 10"/>
    <property name="sun.java.launcher" value="SUN_STANDARD"/>
    <property name="user.country" value="US"/>
    <property name="sun.boot.library.path" value="C:\Program Files\Java\jdk-11.0.13\bin"/>
    <property name="sun.java.command" value="C:\Users\rahma\AppData\Local\Temp\surefire15474951907040087967\surefirebooter7656819923910935717.jar C:\Users\rahma\AppData\Local\Temp\surefire15474951907040087967 2023-06-04T03-29-55_640-jvmRun1 surefire8268517860526509219tmp surefire_06814523665276341988tmp"/>
    <property name="jdk.debug" value="release"/>
    <property name="surefire.test.class.path" value="C:\Users\rahma\eclipse-workspace\IACAutomation\target\test-classes;C:\Users\rahma\eclipse-workspace\IACAutomation\target\classes;C:\Users\rahma\.m2\repository\software\amazon\awssdk\aws-sdk-java\2.17.46\aws-sdk-java-2.17.46.jar;C:\Users\rahma\.m2\repository\software\amazon\awssdk\acm\2.20.74\acm-2.20.74.jar;C:\Users\rahma\.m2\repository\software\amazon\awssdk\acmpca\2.20.74\acmpca-2.20.74.jar;C:\Users\rahma\.m2\repository\software\amazon\awssdk\alexaforbusiness\2.20.74\alexaforbusiness-2.20.74.jar;C:\Users\rahma\.m2\repository\software\amazon\awssdk\amplify\2.20.74\amplify-2.20.74.jar;C:\Users\rahma\.m2\repository\software\amazon\awssdk\apigateway\2.20.74\apigateway-2.20.74.jar;C:\Users\rahma\.m2\repository\software\amazon\awssdk\apigatewaymanagementapi\2.20.74\apigatewaymanagementapi-2.20.74.jar;C:\Users\rahma\.m2\repository\software\amazon\awssdk\apigatewayv2\2.20.74\apigatewayv2-2.20.74.jar;C:\Users\rahma\.m2\repository\software\amazon\awssdk\applicationautoscaling\2.20.74\applicationautoscaling-2.20.74.jar;C:\Users\rahma\.m2\repository\software\amazon\awssdk\applicationdiscovery\2.20.74\applicationdiscovery-2.20.74.jar;C:\Users\rahma\.m2\repository\software\amazon\awssdk\appmesh\2.20.74\appmesh-2.20.74.jar;C:\Users\rahma\.m2\repository\software\amazon\awssdk\appstream\2.20.74\appstream-2.20.74.jar;C:\Users\rahma\.m2\repository\software\amazon\awssdk\appsync\2.20.74\appsync-2.20.74.jar;C:\Users\rahma\.m2\repository\software\amazon\awssdk\athena\2.20.74\athena-2.20.74.jar;C:\Users\rahma\.m2\repository\software\amazon\awssdk\autoscaling\2.20.74\autoscaling-2.20.74.jar;C:\Users\rahma\.m2\repository\software\amazon\awssdk\autoscalingplans\2.20.74\autoscalingplans-2.20.74.jar;C:\Users\rahma\.m2\repository\software\amazon\awssdk\backup\2.20.74\backup-2.20.74.jar;C:\Users\rahma\.m2\repository\software\amazon\awssdk\batch\2.20.74\batch-2.20.74.jar;C:\Users\rahma\.m2\repository\software\amazon\awssdk\budgets\2.20.74\budgets-2.20.74.jar;C:\Users\rahma\.m2\repository\software\amazon\awssdk\chime\2.20.74\chime-2.20.74.jar;C:\Users\rahma\.m2\repository\software\amazon\awssdk\cloud9\2.20.74\cloud9-2.20.74.jar;C:\Users\rahma\.m2\repository\software\amazon\awssdk\clouddirectory\2.20.74\clouddirectory-2.20.74.jar;C:\Users\rahma\.m2\repository\software\amazon\awssdk\cloudformation\2.20.74\cloudformation-2.20.74.jar;C:\Users\rahma\.m2\repository\software\amazon\awssdk\cloudfront\2.20.74\cloudfront-2.20.74.jar;C:\Users\rahma\.m2\repository\software\amazon\awssdk\cloudhsm\2.20.74\cloudhsm-2.20.74.jar;C:\Users\rahma\.m2\repository\software\amazon\awssdk\cloudhsmv2\2.20.74\cloudhsmv2-2.20.74.jar;C:\Users\rahma\.m2\repository\software\amazon\awssdk\cloudsearch\2.20.74\cloudsearch-2.20.74.jar;C:\Users\rahma\.m2\repository\software\amazon\awssdk\cloudsearchdomain\2.20.74\cloudsearchdomain-2.20.74.jar;C:\Users\rahma\.m2\repository\software\amazon\awssdk\cloudtrail\2.20.74\cloudtrail-2.20.74.jar;C:\Users\rahma\.m2\repository\software\amazon\awssdk\cloudwatch\2.20.74\cloudwatch-2.20.74.jar;C:\Users\rahma\.m2\repository\software\amazon\awssdk\cloudwatchevents\2.20.74\cloudwatchevents-2.20.74.jar;C:\Users\rahma\.m2\repository\software\amazon\awssdk\cloudwatchlogs\2.20.74\cloudwatchlogs-2.20.74.jar;C:\Users\rahma\.m2\repository\software\amazon\awssdk\codebuild\2.20.74\codebuild-2.20.74.jar;C:\Users\rahma\.m2\repository\software\amazon\awssdk\codecommit\2.20.74\codecommit-2.20.74.jar;C:\Users\rahma\.m2\repository\software\amazon\awssdk\codedeploy\2.20.74\codedeploy-2.20.74.jar;C:\Users\rahma\.m2\repository\software\amazon\awssdk\codepipeline\2.20.74\codepipeline-2.20.74.jar;C:\Users\rahma\.m2\repository\software\amazon\awssdk\codestar\2.20.74\codestar-2.20.74.jar;C:\Users\rahma\.m2\repository\software\amazon\awssdk\cognitoidentity\2.20.74\cognitoidentity-2.20.74.jar;C:\Users\rahma\.m2\repository\software\amazon\awssdk\cognitoidentityprovider\2.20.74\cognitoidentityprovider-2.20.74.jar;C:\Users\rahma\.m2\repository\software\amazon\awssdk\cognitosync\2.20.74\cognitosync-2.20.74.jar;C:\Users\rahma\.m2\repository\software\amazon\awssdk\comprehend\2.20.74\comprehend-2.20.74.jar;C:\Users\rahma\.m2\repository\software\amazon\awssdk\comprehendmedical\2.20.74\comprehendmedical-2.20.74.jar;C:\Users\rahma\.m2\repository\software\amazon\awssdk\config\2.20.74\config-2.20.74.jar;C:\Users\rahma\.m2\repository\software\amazon\awssdk\connect\2.20.74\connect-2.20.74.jar;C:\Users\rahma\.m2\repository\software\amazon\awssdk\costandusagereport\2.20.74\costandusagereport-2.20.74.jar;C:\Users\rahma\.m2\repository\software\amazon\awssdk\costexplorer\2.20.74\costexplorer-2.20.74.jar;C:\Users\rahma\.m2\repository\software\amazon\awssdk\databasemigration\2.20.74\databasemigration-2.20.74.jar;C:\Users\rahma\.m2\repository\software\amazon\awssdk\datapipeline\2.20.74\datapipeline-2.20.74.jar;C:\Users\rahma\.m2\repository\software\amazon\awssdk\datasync\2.20.74\datasync-2.20.74.jar;C:\Users\rahma\.m2\repository\software\amazon\awssdk\dax\2.20.74\dax-2.20.74.jar;C:\Users\rahma\.m2\repository\software\amazon\awssdk\devicefarm\2.20.74\devicefarm-2.20.74.jar;C:\Users\rahma\.m2\repository\software\amazon\awssdk\directconnect\2.20.74\directconnect-2.20.74.jar;C:\Users\rahma\.m2\repository\software\amazon\awssdk\directory\2.20.74\directory-2.20.74.jar;C:\Users\rahma\.m2\repository\software\amazon\awssdk\dlm\2.20.74\dlm-2.20.74.jar;C:\Users\rahma\.m2\repository\software\amazon\awssdk\docdb\2.20.74\docdb-2.20.74.jar;C:\Users\rahma\.m2\repository\software\amazon\awssdk\ecr\2.20.74\ecr-2.20.74.jar;C:\Users\rahma\.m2\repository\software\amazon\awssdk\ecs\2.20.74\ecs-2.20.74.jar;C:\Users\rahma\.m2\repository\software\amazon\awssdk\efs\2.20.74\efs-2.20.74.jar;C:\Users\rahma\.m2\repository\software\amazon\awssdk\eks\2.20.74\eks-2.20.74.jar;C:\Users\rahma\.m2\repository\software\amazon\awssdk\elasticache\2.20.74\elasticache-2.20.74.jar;C:\Users\rahma\.m2\repository\software\amazon\awssdk\elasticbeanstalk\2.20.74\elasticbeanstalk-2.20.74.jar;C:\Users\rahma\.m2\repository\software\amazon\awssdk\elasticloadbalancing\2.20.74\elasticloadbalancing-2.20.74.jar;C:\Users\rahma\.m2\repository\software\amazon\awssdk\elasticloadbalancingv2\2.20.74\elasticloadbalancingv2-2.20.74.jar;C:\Users\rahma\.m2\repository\software\amazon\awssdk\elasticsearch\2.20.74\elasticsearch-2.20.74.jar;C:\Users\rahma\.m2\repository\software\amazon\awssdk\elastictranscoder\2.20.74\elastictranscoder-2.20.74.jar;C:\Users\rahma\.m2\repository\software\amazon\awssdk\emr\2.20.74\emr-2.20.74.jar;C:\Users\rahma\.m2\repository\software\amazon\awssdk\firehose\2.20.74\firehose-2.20.74.jar;C:\Users\rahma\.m2\repository\software\amazon\awssdk\fms\2.20.74\fms-2.20.74.jar;C:\Users\rahma\.m2\repository\software\amazon\awssdk\fsx\2.20.74\fsx-2.20.74.jar;C:\Users\rahma\.m2\repository\software\amazon\awssdk\gamelift\2.20.74\gamelift-2.20.74.jar;C:\Users\rahma\.m2\repository\software\amazon\awssdk\glacier\2.20.74\glacier-2.20.74.jar;C:\Users\rahma\.m2\repository\software\amazon\awssdk\globalaccelerator\2.20.74\globalaccelerator-2.20.74.jar;C:\Users\rahma\.m2\repository\software\amazon\awssdk\glue\2.20.74\glue-2.20.74.jar;C:\Users\rahma\.m2\repository\software\amazon\awssdk\greengrass\2.20.74\greengrass-2.20.74.jar;C:\Users\rahma\.m2\repository\software\amazon\awssdk\guardduty\2.20.74\guardduty-2.20.74.jar;C:\Users\rahma\.m2\repository\software\amazon\awssdk\health\2.20.74\health-2.20.74.jar;C:\Users\rahma\.m2\repository\software\amazon\awssdk\iam\2.20.74\iam-2.20.74.jar;C:\Users\rahma\.m2\repository\software\amazon\awssdk\inspector\2.20.74\inspector-2.20.74.jar;C:\Users\rahma\.m2\repository\software\amazon\awssdk\iot\2.20.74\iot-2.20.74.jar;C:\Users\rahma\.m2\repository\software\amazon\awssdk\iot1clickdevices\2.20.74\iot1clickdevices-2.20.74.jar;C:\Users\rahma\.m2\repository\software\amazon\awssdk\iot1clickprojects\2.20.74\iot1clickprojects-2.20.74.jar;C:\Users\rahma\.m2\repository\software\amazon\awssdk\iotanalytics\2.20.74\iotanalytics-2.20.74.jar;C:\Users\rahma\.m2\repository\software\amazon\awssdk\iotdataplane\2.20.74\iotdataplane-2.20.74.jar;C:\Users\rahma\.m2\repository\software\amazon\awssdk\iotjobsdataplane\2.20.74\iotjobsdataplane-2.20.74.jar;C:\Users\rahma\.m2\repository\software\amazon\awssdk\kafka\2.20.74\kafka-2.20.74.jar;C:\Users\rahma\.m2\repository\software\amazon\awssdk\kinesis\2.20.74\kinesis-2.20.74.jar;C:\Users\rahma\.m2\repository\software\amazon\awssdk\aws-cbor-protocol\2.20.74\aws-cbor-protocol-2.20.74.jar;C:\Users\rahma\.m2\repository\software\amazon\awssdk\third-party-jackson-dataformat-cbor\2.20.74\third-party-jackson-dataformat-cbor-2.20.74.jar;C:\Users\rahma\.m2\repository\software\amazon\awssdk\kinesisanalytics\2.20.74\kinesisanalytics-2.20.74.jar;C:\Users\rahma\.m2\repository\software\amazon\awssdk\kinesisanalyticsv2\2.20.74\kinesisanalyticsv2-2.20.74.jar;C:\Users\rahma\.m2\repository\software\amazon\awssdk\kinesisvideo\2.20.74\kinesisvideo-2.20.74.jar;C:\Users\rahma\.m2\repository\software\amazon\awssdk\kinesisvideoarchivedmedia\2.20.74\kinesisvideoarchivedmedia-2.20.74.jar;C:\Users\rahma\.m2\repository\software\amazon\awssdk\kinesisvideomedia\2.20.74\kinesisvideomedia-2.20.74.jar;C:\Users\rahma\.m2\repository\software\amazon\awssdk\kms\2.20.74\kms-2.20.74.jar;C:\Users\rahma\.m2\repository\software\amazon\awssdk\lambda\2.20.74\lambda-2.20.74.jar;C:\Users\rahma\.m2\repository\software\amazon\awssdk\lexmodelbuilding\2.20.74\lexmodelbuilding-2.20.74.jar;C:\Users\rahma\.m2\repository\software\amazon\awssdk\lexruntime\2.20.74\lexruntime-2.20.74.jar;C:\Users\rahma\.m2\repository\software\amazon\awssdk\licensemanager\2.20.74\licensemanager-2.20.74.jar;C:\Users\rahma\.m2\repository\software\amazon\awssdk\lightsail\2.20.74\lightsail-2.20.74.jar;C:\Users\rahma\.m2\repository\software\amazon\awssdk\machinelearning\2.20.74\machinelearning-2.20.74.jar;C:\Users\rahma\.m2\repository\software\amazon\awssdk\macie\2.20.74\macie-2.20.74.jar;C:\Users\rahma\.m2\repository\software\amazon\awssdk\managedblockchain\2.20.74\managedblockchain-2.20.74.jar;C:\Users\rahma\.m2\repository\software\amazon\awssdk\marketplacecommerceanalytics\2.20.74\marketplacecommerceanalytics-2.20.74.jar;C:\Users\rahma\.m2\repository\software\amazon\awssdk\marketplaceentitlement\2.20.74\marketplaceentitlement-2.20.74.jar;C:\Users\rahma\.m2\repository\software\amazon\awssdk\marketplacemetering\2.20.74\marketplacemetering-2.20.74.jar;C:\Users\rahma\.m2\repository\software\amazon\awssdk\mediaconnect\2.20.74\mediaconnect-2.20.74.jar;C:\Users\rahma\.m2\repository\software\amazon\awssdk\mediaconvert\2.20.74\mediaconvert-2.20.74.jar;C:\Users\rahma\.m2\repository\software\amazon\awssdk\medialive\2.20.74\medialive-2.20.74.jar;C:\Users\rahma\.m2\repository\software\amazon\awssdk\mediapackage\2.20.74\mediapackage-2.20.74.jar;C:\Users\rahma\.m2\repository\software\amazon\awssdk\mediapackagevod\2.20.74\mediapackagevod-2.20.74.jar;C:\Users\rahma\.m2\repository\software\amazon\awssdk\mediastore\2.20.74\mediastore-2.20.74.jar;C:\Users\rahma\.m2\repository\software\amazon\awssdk\mediastoredata\2.20.74\mediastoredata-2.20.74.jar;C:\Users\rahma\.m2\repository\software\amazon\awssdk\mediatailor\2.20.74\mediatailor-2.20.74.jar;C:\Users\rahma\.m2\repository\software\amazon\awssdk\migrationhub\2.20.74\migrationhub-2.20.74.jar;C:\Users\rahma\.m2\repository\software\amazon\awssdk\mobile\2.20.74\mobile-2.20.74.jar;C:\Users\rahma\.m2\repository\software\amazon\awssdk\mq\2.20.74\mq-2.20.74.jar;C:\Users\rahma\.m2\repository\software\amazon\awssdk\mturk\2.20.74\mturk-2.20.74.jar;C:\Users\rahma\.m2\repository\software\amazon\awssdk\neptune\2.20.74\neptune-2.20.74.jar;C:\Users\rahma\.m2\repository\software\amazon\awssdk\opsworks\2.20.74\opsworks-2.20.74.jar;C:\Users\rahma\.m2\repository\software\amazon\awssdk\opsworkscm\2.20.74\opsworkscm-2.20.74.jar;C:\Users\rahma\.m2\repository\software\amazon\awssdk\organizations\2.20.74\organizations-2.20.74.jar;C:\Users\rahma\.m2\repository\software\amazon\awssdk\pi\2.20.74\pi-2.20.74.jar;C:\Users\rahma\.m2\repository\software\amazon\awssdk\pinpoint\2.20.74\pinpoint-2.20.74.jar;C:\Users\rahma\.m2\repository\software\amazon\awssdk\pinpointemail\2.20.74\pinpointemail-2.20.74.jar;C:\Users\rahma\.m2\repository\software\amazon\awssdk\pinpointsmsvoice\2.20.74\pinpointsmsvoice-2.20.74.jar;C:\Users\rahma\.m2\repository\software\amazon\awssdk\polly\2.20.74\polly-2.20.74.jar;C:\Users\rahma\.m2\repository\software\amazon\awssdk\pricing\2.20.74\pricing-2.20.74.jar;C:\Users\rahma\.m2\repository\software\amazon\awssdk\quicksight\2.20.74\quicksight-2.20.74.jar;C:\Users\rahma\.m2\repository\software\amazon\awssdk\ram\2.20.74\ram-2.20.74.jar;C:\Users\rahma\.m2\repository\software\amazon\awssdk\rds\2.20.74\rds-2.20.74.jar;C:\Users\rahma\.m2\repository\software\amazon\awssdk\rdsdata\2.20.74\rdsdata-2.20.74.jar;C:\Users\rahma\.m2\repository\software\amazon\awssdk\redshift\2.20.74\redshift-2.20.74.jar;C:\Users\rahma\.m2\repository\software\amazon\awssdk\rekognition\2.20.74\rekognition-2.20.74.jar;C:\Users\rahma\.m2\repository\software\amazon\awssdk\resourcegroups\2.20.74\resourcegroups-2.20.74.jar;C:\Users\rahma\.m2\repository\software\amazon\awssdk\resourcegroupstaggingapi\2.20.74\resourcegroupstaggingapi-2.20.74.jar;C:\Users\rahma\.m2\repository\software\amazon\awssdk\robomaker\2.20.74\robomaker-2.20.74.jar;C:\Users\rahma\.m2\repository\software\amazon\awssdk\route53\2.20.74\route53-2.20.74.jar;C:\Users\rahma\.m2\repository\software\amazon\awssdk\route53domains\2.20.74\route53domains-2.20.74.jar;C:\Users\rahma\.m2\repository\software\amazon\awssdk\route53resolver\2.20.74\route53resolver-2.20.74.jar;C:\Users\rahma\.m2\repository\software\amazon\awssdk\s3control\2.20.74\s3control-2.20.74.jar;C:\Users\rahma\.m2\repository\software\amazon\awssdk\sagemaker\2.20.74\sagemaker-2.20.74.jar;C:\Users\rahma\.m2\repository\software\amazon\awssdk\sagemakerruntime\2.20.74\sagemakerruntime-2.20.74.jar;C:\Users\rahma\.m2\repository\software\amazon\awssdk\secretsmanager\2.20.74\secretsmanager-2.20.74.jar;C:\Users\rahma\.m2\repository\software\amazon\awssdk\securityhub\2.20.74\securityhub-2.20.74.jar;C:\Users\rahma\.m2\repository\software\amazon\awssdk\serverlessapplicationrepository\2.20.74\serverlessapplicationrepository-2.20.74.jar;C:\Users\rahma\.m2\repository\software\amazon\awssdk\servicecatalog\2.20.74\servicecatalog-2.20.74.jar;C:\Users\rahma\.m2\repository\software\amazon\awssdk\servicediscovery\2.20.74\servicediscovery-2.20.74.jar;C:\Users\rahma\.m2\repository\software\amazon\awssdk\ses\2.20.74\ses-2.20.74.jar;C:\Users\rahma\.m2\repository\software\amazon\awssdk\sfn\2.20.74\sfn-2.20.74.jar;C:\Users\rahma\.m2\repository\software\amazon\awssdk\shield\2.20.74\shield-2.20.74.jar;C:\Users\rahma\.m2\repository\software\amazon\awssdk\signer\2.20.74\signer-2.20.74.jar;C:\Users\rahma\.m2\repository\software\amazon\awssdk\sms\2.20.74\sms-2.20.74.jar;C:\Users\rahma\.m2\repository\software\amazon\awssdk\snowball\2.20.74\snowball-2.20.74.jar;C:\Users\rahma\.m2\repository\software\amazon\awssdk\sns\2.20.74\sns-2.20.74.jar;C:\Users\rahma\.m2\repository\software\amazon\awssdk\sqs\2.20.74\sqs-2.20.74.jar;C:\Users\rahma\.m2\repository\software\amazon\awssdk\storagegateway\2.20.74\storagegateway-2.20.74.jar;C:\Users\rahma\.m2\repository\software\amazon\awssdk\sts\2.20.74\sts-2.20.74.jar;C:\Users\rahma\.m2\repository\software\amazon\awssdk\support\2.20.74\support-2.20.74.jar;C:\Users\rahma\.m2\repository\software\amazon\awssdk\swf\2.20.74\swf-2.20.74.jar;C:\Users\rahma\.m2\repository\software\amazon\awssdk\textract\2.20.74\textract-2.20.74.jar;C:\Users\rahma\.m2\repository\software\amazon\awssdk\transcribe\2.20.74\transcribe-2.20.74.jar;C:\Users\rahma\.m2\repository\software\amazon\awssdk\transcribestreaming\2.20.74\transcribestreaming-2.20.74.jar;C:\Users\rahma\.m2\repository\software\amazon\awssdk\transfer\2.20.74\transfer-2.20.74.jar;C:\Users\rahma\.m2\repository\software\amazon\awssdk\translate\2.20.74\translate-2.20.74.jar;C:\Users\rahma\.m2\repository\software\amazon\awssdk\waf\2.20.74\waf-2.20.74.jar;C:\Users\rahma\.m2\repository\software\amazon\awssdk\workdocs\2.20.74\workdocs-2.20.74.jar;C:\Users\rahma\.m2\repository\software\amazon\awssdk\worklink\2.20.74\worklink-2.20.74.jar;C:\Users\rahma\.m2\repository\software\amazon\awssdk\workmail\2.20.74\workmail-2.20.74.jar;C:\Users\rahma\.m2\repository\software\amazon\awssdk\workspaces\2.20.74\workspaces-2.20.74.jar;C:\Users\rahma\.m2\repository\software\amazon\awssdk\xray\2.20.74\xray-2.20.74.jar;C:\Users\rahma\.m2\repository\software\amazon\awssdk\groundstation\2.20.74\groundstation-2.20.74.jar;C:\Users\rahma\.m2\repository\software\amazon\awssdk\iotthingsgraph\2.20.74\iotthingsgraph-2.20.74.jar;C:\Users\rahma\.m2\repository\software\amazon\awssdk\iotevents\2.20.74\iotevents-2.20.74.jar;C:\Users\rahma\.m2\repository\software\amazon\awssdk\ioteventsdata\2.20.74\ioteventsdata-2.20.74.jar;C:\Users\rahma\.m2\repository\software\amazon\awssdk\personalizeruntime\2.20.74\personalizeruntime-2.20.74.jar;C:\Users\rahma\.m2\repository\software\amazon\awssdk\personalize\2.20.74\personalize-2.20.74.jar;C:\Users\rahma\.m2\repository\software\amazon\awssdk\personalizeevents\2.20.74\personalizeevents-2.20.74.jar;C:\Users\rahma\.m2\repository\software\amazon\awssdk\servicequotas\2.20.74\servicequotas-2.20.74.jar;C:\Users\rahma\.m2\repository\software\amazon\awssdk\applicationinsights\2.20.74\applicationinsights-2.20.74.jar;C:\Users\rahma\.m2\repository\software\amazon\awssdk\ec2instanceconnect\2.20.74\ec2instanceconnect-2.20.74.jar;C:\Users\rahma\.m2\repository\software\amazon\awssdk\eventbridge\2.20.74\eventbridge-2.20.74.jar;C:\Users\rahma\.m2\repository\software\amazon\awssdk\lakeformation\2.20.74\lakeformation-2.20.74.jar;C:\Users\rahma\.m2\repository\software\amazon\awssdk\forecast\2.20.74\forecast-2.20.74.jar;C:\Users\rahma\.m2\repository\software\amazon\awssdk\forecastquery\2.20.74\forecastquery-2.20.74.jar;C:\Users\rahma\.m2\repository\software\amazon\awssdk\qldb\2.20.74\qldb-2.20.74.jar;C:\Users\rahma\.m2\repository\software\amazon\awssdk\qldbsession\2.20.74\qldbsession-2.20.74.jar;C:\Users\rahma\.m2\repository\software\amazon\awssdk\workmailmessageflow\2.20.74\workmailmessageflow-2.20.74.jar;C:\Users\rahma\.m2\repository\software\amazon\awssdk\codestarnotifications\2.20.74\codestarnotifications-2.20.74.jar;C:\Users\rahma\.m2\repository\software\amazon\awssdk\savingsplans\2.20.74\savingsplans-2.20.74.jar;C:\Users\rahma\.m2\repository\software\amazon\awssdk\sso\2.20.74\sso-2.20.74.jar;C:\Users\rahma\.m2\repository\software\amazon\awssdk\ssooidc\2.20.74\ssooidc-2.20.74.jar;C:\Users\rahma\.m2\repository\software\amazon\awssdk\third-party-jackson-core\2.20.74\third-party-jackson-core-2.20.74.jar;C:\Users\rahma\.m2\repository\software\amazon\awssdk\marketplacecatalog\2.20.74\marketplacecatalog-2.20.74.jar;C:\Users\rahma\.m2\repository\software\amazon\awssdk\sesv2\2.20.74\sesv2-2.20.74.jar;C:\Users\rahma\.m2\repository\software\amazon\awssdk\dataexchange\2.20.74\dataexchange-2.20.74.jar;C:\Users\rahma\.m2\repository\software\amazon\awssdk\migrationhubconfig\2.20.74\migrationhubconfig-2.20.74.jar;C:\Users\rahma\.m2\repository\software\amazon\awssdk\connectparticipant\2.20.74\connectparticipant-2.20.74.jar;C:\Users\rahma\.m2\repository\software\amazon\awssdk\wafv2\2.20.74\wafv2-2.20.74.jar;C:\Users\rahma\.m2\repository\software\amazon\awssdk\appconfig\2.20.74\appconfig-2.20.74.jar;C:\Users\rahma\.m2\repository\software\amazon\awssdk\iotsecuretunneling\2.20.74\iotsecuretunneling-2.20.74.jar;C:\Users\rahma\.m2\repository\software\amazon\awssdk\elasticinference\2.20.74\elasticinference-2.20.74.jar;C:\Users\rahma\.m2\repository\software\amazon\awssdk\imagebuilder\2.20.74\imagebuilder-2.20.74.jar;C:\Users\rahma\.m2\repository\software\amazon\awssdk\schemas\2.20.74\schemas-2.20.74.jar;C:\Users\rahma\.m2\repository\software\amazon\awssdk\accessanalyzer\2.20.74\accessanalyzer-2.20.74.jar;C:\Users\rahma\.m2\repository\software\amazon\awssdk\computeoptimizer\2.20.74\computeoptimizer-2.20.74.jar;C:\Users\rahma\.m2\repository\software\amazon\awssdk\networkmanager\2.20.74\networkmanager-2.20.74.jar;C:\Users\rahma\.m2\repository\software\amazon\awssdk\kendra\2.20.74\kendra-2.20.74.jar;C:\Users\rahma\.m2\repository\software\amazon\awssdk\frauddetector\2.20.74\frauddetector-2.20.74.jar;C:\Users\rahma\.m2\repository\software\amazon\awssdk\codegurureviewer\2.20.74\codegurureviewer-2.20.74.jar;C:\Users\rahma\.m2\repository\software\amazon\awssdk\codeguruprofiler\2.20.74\codeguruprofiler-2.20.74.jar;C:\Users\rahma\.m2\repository\software\amazon\awssdk\outposts\2.20.74\outposts-2.20.74.jar;C:\Users\rahma\.m2\repository\software\amazon\awssdk\sagemakera2iruntime\2.20.74\sagemakera2iruntime-2.20.74.jar;C:\Users\rahma\.m2\repository\software\amazon\awssdk\ebs\2.20.74\ebs-2.20.74.jar;C:\Users\rahma\.m2\repository\software\amazon\awssdk\kinesisvideosignaling\2.20.74\kinesisvideosignaling-2.20.74.jar;C:\Users\rahma\.m2\repository\software\amazon\awssdk\detective\2.20.74\detective-2.20.74.jar;C:\Users\rahma\.m2\repository\software\amazon\awssdk\codestarconnections\2.20.74\codestarconnections-2.20.74.jar;C:\Users\rahma\.m2\repository\software\amazon\awssdk\synthetics\2.20.74\synthetics-2.20.74.jar;C:\Users\rahma\.m2\repository\software\amazon\awssdk\iotsitewise\2.20.74\iotsitewise-2.20.74.jar;C:\Users\rahma\.m2\repository\software\amazon\awssdk\macie2\2.20.74\macie2-2.20.74.jar;C:\Users\rahma\.m2\repository\software\amazon\awssdk\codeartifact\2.20.74\codeartifact-2.20.74.jar;C:\Users\rahma\.m2\repository\software\amazon\awssdk\honeycode\2.20.74\honeycode-2.20.74.jar;C:\Users\rahma\.m2\repository\software\amazon\awssdk\ivs\2.20.74\ivs-2.20.74.jar;C:\Users\rahma\.m2\repository\software\amazon\awssdk\braket\2.20.74\braket-2.20.74.jar;C:\Users\rahma\.m2\repository\software\amazon\awssdk\identitystore\2.20.74\identitystore-2.20.74.jar;C:\Users\rahma\.m2\repository\software\amazon\awssdk\appflow\2.20.74\appflow-2.20.74.jar;C:\Users\rahma\.m2\repository\software\amazon\awssdk\redshiftdata\2.20.74\redshiftdata-2.20.74.jar;C:\Users\rahma\.m2\repository\software\amazon\awssdk\ssoadmin\2.20.74\ssoadmin-2.20.74.jar;C:\Users\rahma\.m2\repository\software\amazon\awssdk\timestreamwrite\2.20.74\timestreamwrite-2.20.74.jar;C:\Users\rahma\.m2\repository\software\amazon\awssdk\timestreamquery\2.20.74\timestreamquery-2.20.74.jar;C:\Users\rahma\.m2\repository\software\amazon\awssdk\s3outposts\2.20.74\s3outposts-2.20.74.jar;C:\Users\rahma\.m2\repository\software\amazon\awssdk\databrew\2.20.74\databrew-2.20.74.jar;C:\Users\rahma\.m2\repository\software\amazon\awssdk\servicecatalogappregistry\2.20.74\servicecatalogappregistry-2.20.74.jar;C:\Users\rahma\.m2\repository\software\amazon\awssdk\networkfirewall\2.20.74\networkfirewall-2.20.74.jar;C:\Users\rahma\.m2\repository\software\amazon\awssdk\mwaa\2.20.74\mwaa-2.20.74.jar;C:\Users\rahma\.m2\repository\software\amazon\awssdk\devopsguru\2.20.74\devopsguru-2.20.74.jar;C:\Users\rahma\.m2\repository\software\amazon\awssdk\sagemakerfeaturestoreruntime\2.20.74\sagemakerfeaturestoreruntime-2.20.74.jar;C:\Users\rahma\.m2\repository\software\amazon\awssdk\appintegrations\2.20.74\appintegrations-2.20.74.jar;C:\Users\rahma\.m2\repository\software\amazon\awssdk\ecrpublic\2.20.74\ecrpublic-2.20.74.jar;C:\Users\rahma\.m2\repository\software\amazon\awssdk\amplifybackend\2.20.74\amplifybackend-2.20.74.jar;C:\Users\rahma\.m2\repository\software\amazon\awssdk\connectcontactlens\2.20.74\connectcontactlens-2.20.74.jar;C:\Users\rahma\.m2\repository\software\amazon\awssdk\lookoutvision\2.20.74\lookoutvision-2.20.74.jar;C:\Users\rahma\.m2\repository\software\amazon\awssdk\customerprofiles\2.20.74\customerprofiles-2.20.74.jar;C:\Users\rahma\.m2\repository\software\amazon\awssdk\emrcontainers\2.20.74\emrcontainers-2.20.74.jar;C:\Users\rahma\.m2\repository\software\amazon\awssdk\sagemakeredge\2.20.74\sagemakeredge-2.20.74.jar;C:\Users\rahma\.m2\repository\software\amazon\awssdk\healthlake\2.20.74\healthlake-2.20.74.jar;C:\Users\rahma\.m2\repository\software\amazon\awssdk\auditmanager\2.20.74\auditmanager-2.20.74.jar;C:\Users\rahma\.m2\repository\software\amazon\awssdk\amp\2.20.74\amp-2.20.74.jar;C:\Users\rahma\.m2\repository\software\amazon\awssdk\greengrassv2\2.20.74\greengrassv2-2.20.74.jar;C:\Users\rahma\.m2\repository\software\amazon\awssdk\iotwireless\2.20.74\iotwireless-2.20.74.jar;C:\Users\rahma\.m2\repository\software\amazon\awssdk\iotfleethub\2.20.74\iotfleethub-2.20.74.jar;C:\Users\rahma\.m2\repository\software\amazon\awssdk\iotdeviceadvisor\2.20.74\iotdeviceadvisor-2.20.74.jar;C:\Users\rahma\.m2\repository\software\amazon\awssdk\location\2.20.74\location-2.20.74.jar;C:\Users\rahma\.m2\repository\software\amazon\awssdk\wellarchitected\2.20.74\wellarchitected-2.20.74.jar;C:\Users\rahma\.m2\repository\software\amazon\awssdk\lexruntimev2\2.20.74\lexruntimev2-2.20.74.jar;C:\Users\rahma\.m2\repository\software\amazon\awssdk\lexmodelsv2\2.20.74\lexmodelsv2-2.20.74.jar;C:\Users\rahma\.m2\repository\software\amazon\awssdk\fis\2.20.74\fis-2.20.74.jar;C:\Users\rahma\.m2\repository\software\amazon\awssdk\lookoutmetrics\2.20.74\lookoutmetrics-2.20.74.jar;C:\Users\rahma\.m2\repository\software\amazon\awssdk\mgn\2.20.74\mgn-2.20.74.jar;C:\Users\rahma\.m2\repository\software\amazon\awssdk\lookoutequipment\2.20.74\lookoutequipment-2.20.74.jar;C:\Users\rahma\.m2\repository\software\amazon\awssdk\nimble\2.20.74\nimble-2.20.74.jar;C:\Users\rahma\.m2\repository\software\amazon\awssdk\finspacedata\2.20.74\finspacedata-2.20.74.jar;C:\Users\rahma\.m2\repository\software\amazon\awssdk\finspace\2.20.74\finspace-2.20.74.jar;C:\Users\rahma\.m2\repository\software\amazon\awssdk\ssmincidents\2.20.74\ssmincidents-2.20.74.jar;C:\Users\rahma\.m2\repository\software\amazon\awssdk\ssmcontacts\2.20.74\ssmcontacts-2.20.74.jar;C:\Users\rahma\.m2\repository\software\amazon\awssdk\applicationcostprofiler\2.20.74\applicationcostprofiler-2.20.74.jar;C:\Users\rahma\.m2\repository\software\amazon\awssdk\apprunner\2.20.74\apprunner-2.20.74.jar;C:\Users\rahma\.m2\repository\software\amazon\awssdk\proton\2.20.74\proton-2.20.74.jar;C:\Users\rahma\.m2\repository\software\amazon\awssdk\route53recoveryreadiness\2.20.74\route53recoveryreadiness-2.20.74.jar;C:\Users\rahma\.m2\repository\software\amazon\awssdk\route53recoverycontrolconfig\2.20.74\route53recoverycontrolconfig-2.20.74.jar;C:\Users\rahma\.m2\repository\software\amazon\awssdk\route53recoverycluster\2.20.74\route53recoverycluster-2.20.74.jar;C:\Users\rahma\.m2\repository\software\amazon\awssdk\chimesdkmessaging\2.20.74\chimesdkmessaging-2.20.74.jar;C:\Users\rahma\.m2\repository\software\amazon\awssdk\chimesdkidentity\2.20.74\chimesdkidentity-2.20.74.jar;C:\Users\rahma\.m2\repository\software\amazon\awssdk\snowdevicemanagement\2.20.74\snowdevicemanagement-2.20.74.jar;C:\Users\rahma\.m2\repository\software\amazon\awssdk\memorydb\2.20.74\memorydb-2.20.74.jar;C:\Users\rahma\.m2\repository\software\amazon\awssdk\opensearch\2.20.74\opensearch-2.20.74.jar;C:\Users\rahma\.m2\repository\software\amazon\awssdk\kafkaconnect\2.20.74\kafkaconnect-2.20.74.jar;C:\Users\rahma\.m2\repository\software\amazon\awssdk\ssm\2.17.4\ssm-2.17.4.jar;C:\Users\rahma\.m2\repository\software\amazon\awssdk\aws-json-protocol\2.20.74\aws-json-protocol-2.20.74.jar;C:\Users\rahma\.m2\repository\software\amazon\awssdk\protocol-core\2.20.74\protocol-core-2.20.74.jar;C:\Users\rahma\.m2\repository\software\amazon\awssdk\sdk-core\2.20.74\sdk-core-2.20.74.jar;C:\Users\rahma\.m2\repository\org\slf4j\slf4j-api\1.7.30\slf4j-api-1.7.30.jar;C:\Users\rahma\.m2\repository\org\reactivestreams\reactive-streams\1.0.3\reactive-streams-1.0.3.jar;C:\Users\rahma\.m2\repository\software\amazon\awssdk\auth\2.20.74\auth-2.20.74.jar;C:\Users\rahma\.m2\repository\software\amazon\eventstream\eventstream\1.0.1\eventstream-1.0.1.jar;C:\Users\rahma\.m2\repository\software\amazon\awssdk\http-client-spi\2.20.74\http-client-spi-2.20.74.jar;C:\Users\rahma\.m2\repository\software\amazon\awssdk\regions\2.20.74\regions-2.20.74.jar;C:\Users\rahma\.m2\repository\software\amazon\awssdk\annotations\2.20.74\annotations-2.20.74.jar;C:\Users\rahma\.m2\repository\software\amazon\awssdk\utils\2.20.74\utils-2.20.74.jar;C:\Users\rahma\.m2\repository\software\amazon\awssdk\aws-core\2.20.74\aws-core-2.20.74.jar;C:\Users\rahma\.m2\repository\software\amazon\awssdk\metrics-spi\2.20.74\metrics-spi-2.20.74.jar;C:\Users\rahma\.m2\repository\software\amazon\awssdk\apache-client\2.20.74\apache-client-2.20.74.jar;C:\Users\rahma\.m2\repository\org\apache\httpcomponents\httpclient\4.5.13\httpclient-4.5.13.jar;C:\Users\rahma\.m2\repository\org\apache\httpcomponents\httpcore\4.4.13\httpcore-4.4.13.jar;C:\Users\rahma\.m2\repository\software\amazon\awssdk\netty-nio-client\2.20.74\netty-nio-client-2.20.74.jar;C:\Users\rahma\.m2\repository\io\netty\netty-codec-http\4.1.86.Final\netty-codec-http-4.1.86.Final.jar;C:\Users\rahma\.m2\repository\io\netty\netty-codec-http2\4.1.86.Final\netty-codec-http2-4.1.86.Final.jar;C:\Users\rahma\.m2\repository\io\netty\netty-codec\4.1.86.Final\netty-codec-4.1.86.Final.jar;C:\Users\rahma\.m2\repository\io\netty\netty-transport\4.1.86.Final\netty-transport-4.1.86.Final.jar;C:\Users\rahma\.m2\repository\io\netty\netty-resolver\4.1.86.Final\netty-resolver-4.1.86.Final.jar;C:\Users\rahma\.m2\repository\io\netty\netty-common\4.1.86.Final\netty-common-4.1.86.Final.jar;C:\Users\rahma\.m2\repository\io\netty\netty-buffer\4.1.86.Final\netty-buffer-4.1.86.Final.jar;C:\Users\rahma\.m2\repository\io\netty\netty-handler\4.1.86.Final\netty-handler-4.1.86.Final.jar;C:\Users\rahma\.m2\repository\io\netty\netty-transport-native-unix-common\4.1.86.Final\netty-transport-native-unix-common-4.1.86.Final.jar;C:\Users\rahma\.m2\repository\io\netty\netty-transport-classes-epoll\4.1.86.Final\netty-transport-classes-epoll-4.1.86.Final.jar;C:\Users\rahma\.m2\repository\junit\junit\4.12\junit-4.12.jar;C:\Users\rahma\.m2\repository\org\hamcrest\hamcrest-core\1.3\hamcrest-core-1.3.jar;C:\Users\rahma\.m2\repository\software\amazon\awssdk\ec2\2.20.74\ec2-2.20.74.jar;C:\Users\rahma\.m2\repository\software\amazon\awssdk\aws-query-protocol\2.20.74\aws-query-protocol-2.20.74.jar;C:\Users\rahma\.m2\repository\software\amazon\awssdk\json-utils\2.20.74\json-utils-2.20.74.jar;C:\Users\rahma\.m2\repository\software\amazon\awssdk\endpoints-spi\2.20.74\endpoints-spi-2.20.74.jar;C:\Users\rahma\.m2\repository\software\amazon\awssdk\s3\2.20.74\s3-2.20.74.jar;C:\Users\rahma\.m2\repository\software\amazon\awssdk\aws-xml-protocol\2.20.74\aws-xml-protocol-2.20.74.jar;C:\Users\rahma\.m2\repository\software\amazon\awssdk\arns\2.20.74\arns-2.20.74.jar;C:\Users\rahma\.m2\repository\software\amazon\awssdk\profiles\2.20.74\profiles-2.20.74.jar;C:\Users\rahma\.m2\repository\software\amazon\awssdk\crt-core\2.20.74\crt-core-2.20.74.jar;C:\Users\rahma\.m2\repository\software\amazon\awssdk\dynamodb\2.20.74\dynamodb-2.20.74.jar;C:\Users\rahma\.m2\repository\org\seleniumhq\selenium\selenium-java\3.141.59\selenium-java-3.141.59.jar;C:\Users\rahma\.m2\repository\org\seleniumhq\selenium\selenium-api\3.141.59\selenium-api-3.141.59.jar;C:\Users\rahma\.m2\repository\org\seleniumhq\selenium\selenium-chrome-driver\3.141.59\selenium-chrome-driver-3.141.59.jar;C:\Users\rahma\.m2\repository\org\seleniumhq\selenium\selenium-edge-driver\3.141.59\selenium-edge-driver-3.141.59.jar;C:\Users\rahma\.m2\repository\org\seleniumhq\selenium\selenium-firefox-driver\3.141.59\selenium-firefox-driver-3.141.59.jar;C:\Users\rahma\.m2\repository\org\seleniumhq\selenium\selenium-ie-driver\3.141.59\selenium-ie-driver-3.141.59.jar;C:\Users\rahma\.m2\repository\org\seleniumhq\selenium\selenium-opera-driver\3.141.59\selenium-opera-driver-3.141.59.jar;C:\Users\rahma\.m2\repository\org\seleniumhq\selenium\selenium-remote-driver\3.141.59\selenium-remote-driver-3.141.59.jar;C:\Users\rahma\.m2\repository\org\seleniumhq\selenium\selenium-safari-driver\3.141.59\selenium-safari-driver-3.141.59.jar;C:\Users\rahma\.m2\repository\org\seleniumhq\selenium\selenium-support\3.141.59\selenium-support-3.141.59.jar;C:\Users\rahma\.m2\repository\net\bytebuddy\byte-buddy\1.8.15\byte-buddy-1.8.15.jar;C:\Users\rahma\.m2\repository\org\apache\commons\commons-exec\1.3\commons-exec-1.3.jar;C:\Users\rahma\.m2\repository\com\google\guava\guava\25.0-jre\guava-25.0-jre.jar;C:\Users\rahma\.m2\repository\com\google\code\findbugs\jsr305\1.3.9\jsr305-1.3.9.jar;C:\Users\rahma\.m2\repository\org\checkerframework\checker-compat-qual\2.0.0\checker-compat-qual-2.0.0.jar;C:\Users\rahma\.m2\repository\com\google\errorprone\error_prone_annotations\2.1.3\error_prone_annotations-2.1.3.jar;C:\Users\rahma\.m2\repository\com\google\j2objc\j2objc-annotations\1.1\j2objc-annotations-1.1.jar;C:\Users\rahma\.m2\repository\org\codehaus\mojo\animal-sniffer-annotations\1.14\animal-sniffer-annotations-1.14.jar;C:\Users\rahma\.m2\repository\com\squareup\okhttp3\okhttp\3.11.0\okhttp-3.11.0.jar;C:\Users\rahma\.m2\repository\com\squareup\okio\okio\1.14.0\okio-1.14.0.jar;C:\Users\rahma\.m2\repository\org\testng\testng\7.4.0\testng-7.4.0.jar;C:\Users\rahma\.m2\repository\com\beust\jcommander\1.78\jcommander-1.78.jar;C:\Users\rahma\.m2\repository\org\webjars\jquery\3.5.1\jquery-3.5.1.jar;C:\Users\rahma\.m2\repository\commons-io\commons-io\2.6\commons-io-2.6.jar;C:\Users\rahma\.m2\repository\javax\mail\javax.mail-api\1.6.1\javax.mail-api-1.6.1.jar;C:\Users\rahma\.m2\repository\javax\activation\activation\1.1\activation-1.1.jar;C:\Users\rahma\.m2\repository\com\sun\mail\javax.mail\1.6.0\javax.mail-1.6.0.jar;C:\Users\rahma\.m2\repository\net\sourceforge\jexcelapi\jxl\2.6.12\jxl-2.6.12.jar;C:\Users\rahma\.m2\repository\com\microsoft\sqlserver\mssql-jdbc\6.4.0.jre9\mssql-jdbc-6.4.0.jre9.jar;C:\Users\rahma\.m2\repository\org\aeonbits\owner\owner\1.0.8\owner-1.0.8.jar;C:\Users\rahma\.m2\repository\com\jcraft\jsch\0.1.55\jsch-0.1.55.jar;C:\Users\rahma\.m2\repository\org\apache\poi\poi\3.17\poi-3.17.jar;C:\Users\rahma\.m2\repository\commons-codec\commons-codec\1.10\commons-codec-1.10.jar;C:\Users\rahma\.m2\repository\org\apache\commons\commons-collections4\4.1\commons-collections4-4.1.jar;C:\Users\rahma\.m2\repository\org\apache\poi\poi-ooxml\3.17\poi-ooxml-3.17.jar;C:\Users\rahma\.m2\repository\org\apache\poi\poi-ooxml-schemas\3.17\poi-ooxml-schemas-3.17.jar;C:\Users\rahma\.m2\repository\org\apache\xmlbeans\xmlbeans\2.6.0\xmlbeans-2.6.0.jar;C:\Users\rahma\.m2\repository\stax\stax-api\1.0.1\stax-api-1.0.1.jar;C:\Users\rahma\.m2\repository\com\github\virtuald\curvesapi\1.04\curvesapi-1.04.jar;C:\Users\rahma\.m2\repository\com\github\2gis\winium\winium-elements-desktop\0.2.0-1\winium-elements-desktop-0.2.0-1.jar;C:\Users\rahma\.m2\repository\com\github\2gis\winium\winium-webdriver\0.1.0-1\winium-webdriver-0.1.0-1.jar;C:\Users\rahma\.m2\repository\log4j\log4j\1.2.17\log4j-1.2.17.jar;C:\Users\rahma\.m2\repository\net\sourceforge\expectj\expectj\2.0.7\expectj-2.0.7.jar;C:\Users\rahma\.m2\repository\commons-logging\commons-logging\1.1.1\commons-logging-1.1.1.jar;"/>
    <property name="sun.cpu.endian" value="little"/>
    <property name="user.home" value="C:\Users\rahma"/>
    <property name="user.language" value="en"/>
    <property name="java.specification.vendor" value="Oracle Corporation"/>
    <property name="java.version.date" value="2021-10-19"/>
    <property name="java.home" value="C:\Program Files\Java\jdk-11.0.13"/>
    <property name="file.separator" value="\"/>
    <property name="style.color" value="always"/>
    <property name="basedir" value="C:\Users\rahma\eclipse-workspace\IACAutomation"/>
    <property name="java.vm.compressedOopsMode" value="Zero based"/>
    <property name="line.separator" value="&#10;"/>
    <property name="java.specification.name" value="Java Platform API Specification"/>
    <property name="java.vm.specification.vendor" value="Oracle Corporation"/>
    <property name="java.awt.graphicsenv" value="sun.awt.Win32GraphicsEnvironment"/>
    <property name="surefire.real.class.path" value="C:\Users\rahma\AppData\Local\Temp\surefire15474951907040087967\surefirebooter7656819923910935717.jar"/>
    <property name="user.script" value=""/>
    <property name="sun.management.compiler" value="HotSpot 64-Bit Tiered Compilers"/>
    <property name="java.runtime.version" value="11.0.13+10-LTS-370"/>
    <property name="user.name" value="rahma"/>
    <property name="path.separator" value=";"/>
    <property name="os.version" value="10.0"/>
    <property name="java.runtime.name" value="Java(TM) SE Runtime Environment"/>
    <property name="file.encoding" value="Cp1252"/>
    <property name="java.vm.name" value="Java HotSpot(TM) 64-Bit Server VM"/>
    <property name="java.vendor.version" value="18.9"/>
    <property name="localRepository" value="C:\Users\rahma\.m2\repository"/>
    <property name="java.vendor.url.bug" value="https://bugreport.java.com/bugreport/"/>
    <property name="java.io.tmpdir" value="C:\Users\rahma\AppData\Local\Temp\"/>
    <property name="java.version" value="11.0.13"/>
    <property name="user.dir" value="C:\Users\rahma\eclipse-workspace\IACAutomation"/>
    <property name="os.arch" value="amd64"/>
    <property name="java.vm.specification.name" value="Java Virtual Machine Specification"/>
    <property name="java.awt.printerjob" value="sun.awt.windows.WPrinterJob"/>
    <property name="sun.os.patch.level" value=""/>
    <property name="java.library.path" value="C:\Program Files\Java\jdk-11.0.13\bin;C:\WINDOWS\Sun\Java\bin;C:\WINDOWS\system32;C:\WINDOWS;C:/Users/rahma/.p2/pool/plugins/org.eclipse.justj.openjdk.hotspot.jre.full.win32.x86_64_17.0.5.v20221102-0933/jre/bin/server;C:/Users/rahma/.p2/pool/plugins/org.eclipse.justj.openjdk.hotspot.jre.full.win32.x86_64_17.0.5.v20221102-0933/jre/bin;C:\Program Files\Common Files\Oracle\Java\javapath;C:\WINDOWS\system32;C:\WINDOWS;C:\WINDOWS\System32\Wbem;C:\WINDOWS\System32\WindowsPowerShell\v1.0\;C:\WINDOWS\System32\OpenSSH\;C:\Program Files\Java\jdk-11.0.13\bin;C:\Program Files\Git\cmd;C:\Program Files\nodejs\;C:\Program Files\PuTTY\;C:\Program Files\dotnet\;C:\Users\rahma\AppData\Local\Microsoft\WindowsApps;C:\Users\rahma\AppData\Roaming\npm;C:\lib\apache-maven-3.8.6\bin;;C:\Users\rahma\OneDrive\Desktop;;."/>
    <property name="java.vendor" value="Oracle Corporation"/>
    <property name="java.vm.info" value="mixed mode"/>
    <property name="java.vm.version" value="11.0.13+10-LTS-370"/>
    <property name="sun.io.unicode.encoding" value="UnicodeLittle"/>
    <property name="java.class.version" value="55.0"/>
  </properties>
  <testcase name="createEC2" classname="com.automation.automation.Automation" time="46.02">
    <system-out><![CDATA[We are at before
We are in createEC2()
EC2 instance created with ID: i-0c214bfe8365769d5
Elastic IP address allocated: 18.209.253.136
public ip address: 54.174.158.68
]]></system-out>
    <system-err><![CDATA[SLF4J: Failed to load class "org.slf4j.impl.StaticLoggerBinder".
SLF4J: Defaulting to no-operation (NOP) logger implementation
SLF4J: See http://www.slf4j.org/codes.html#StaticLoggerBinder for further details.
log4j:WARN No appenders could be found for logger (org.apache.http.client.protocol.RequestAddCookies).
log4j:WARN Please initialize the log4j system properly.
log4j:WARN See http://logging.apache.org/log4j/1.2/faq.html#noconfig for more info.
]]></system-err>
  </testcase>
  <testcase name="jenkinsInstallation" classname="com.automation.automation.Automation" time="144.876">
    <system-out><![CDATA[We are in jenkinsInstallation()
we are at test!  server: 18.209.253.136 user name: ec2-user password: Never143#$
Elastic ip: 18.209.253.136
true
before: Register this system with Red Hat Insights: insights-client --register
Create an account or view all your systems at https://red.ht/insights-dashboard
&amp#27;[?2004h[ec2-user@ip-172-31-18-136 ~] match: $
jenkins password:  sudo cat /var/lib/jenkins/secrets/initialAdminPassword
&amp#27;[?2004l5e6afe12a5004df8a34f2e9dfb25547a
&amp#27;[?2004h[ec2-user@ip-172-31-18-136 ~]
pwd before:  sudo cat /var/lib/jenkins/secrets/initialAdminPassword
&amp#27;[?2004l5e6afe12a5004df8a34f2e9dfb25547a
&amp#27;[?2004h[ec2-user@ip-172-31-18-136 ~] match: $
 exit
&amp#27;[?2004llogout

initial Admin password: null
]]></system-out>
  </testcase>
</testsuite>