<?xml version="1.0" encoding="UTF-8"?>
<!-- Generated by org.testng.reporters.JUnitReportReporter -->
<testsuite hostname="Benji" failures="0" tests="1" name="com.automation.automation.AppTest" time="0.027" errors="0" timestamp="2023-05-14T06:52:36 EDT" skipped="0">
  <testcase classname="com.automation.automation.AppTest" name="shouldAnswerWithTrue" time="0.027"/>
  <system-out/>
</testsuite> <!-- com.automation.automation.AppTest -->
