<?xml version="1.0" encoding="UTF-8"?>
<!-- Generated by org.testng.reporters.JUnitReportReporter -->
<testsuite hostname="Benji" failures="0" tests="2" name="com.automation.automation.Automation" time="180.291" errors="0" timestamp="2023-06-04T01:22:05 EDT" skipped="0">
  <testcase classname="com.automation.automation.Automation" name="createEC2" time="30.931"/>
  <system-out/>
  <testcase classname="com.automation.automation.Automation" name="jenkinsInstallation" time="149.360"/>
  <system-out/>
</testsuite> <!-- com.automation.automation.Automation -->
