<?xml version="1.0" encoding="UTF-8"?>
<!-- Generated by org.testng.reporters.JUnitReportReporter -->
<testsuite hostname="Benji" failures="0" tests="2" name="com.automation.automation.Automation" time="190.898" errors="0" timestamp="2023-06-04T03:33:08 EDT" skipped="0">
  <testcase classname="com.automation.automation.Automation" name="createEC2" time="46.021"/>
  <system-out/>
  <testcase classname="com.automation.automation.Automation" name="jenkinsInstallation" time="144.877"/>
  <system-out/>
</testsuite> <!-- com.automation.automation.Automation -->
